   1              		.cpu cortex-m0
   2              		.fpu softvfp
   3              		.eabi_attribute 20, 1
   4              		.eabi_attribute 21, 1
   5              		.eabi_attribute 23, 3
   6              		.eabi_attribute 24, 1
   7              		.eabi_attribute 25, 1
   8              		.eabi_attribute 26, 1
   9              		.eabi_attribute 30, 6
  10              		.eabi_attribute 34, 0
  11              		.eabi_attribute 18, 4
  12              		.code	16
  13              		.file	"TFC_Motor.c"
  14              		.text
  15              	.Ltext0:
  16              		.cfi_sections	.debug_frame
  17              		.comm	motor,4,4
  18              		.comm	servo,4,4
  19              		.comm	LEDconfig,4,4
  20              		.comm	target,4,4
  21              		.comm	auslmultiplier,4,4
  22              		.comm	speedMultiplier,4,4
  23              		.comm	minSpeed,4,4
  24              		.comm	linetimeout,4,4
  25              		.comm	ruckwartsZeit,4,4
  26              		.comm	camData,512,4
  27              		.comm	active,4,4
  28              		.comm	Sausl,4,4
  29              		.comm	linemissing,4,4
  30              		.comm	checkLineStep,4,4
  31              		.comm	Motorspeed,4,4
  32              		.comm	Servoausl,4,4
  33              		.comm	drivingBack,4,4
  34              		.section	.text.TFC_InitMotorPWM,"ax",%progbits
  35              		.align	2
  36              		.global	TFC_InitMotorPWM
  37              		.code	16
  38              		.thumb_func
  40              	TFC_InitMotorPWM:
  41              	.LFB0:
  42              		.file 1 "../Sources/TFC/TFC_Motor.c"
   1:../Sources/TFC/TFC_Motor.c **** #include "TFC\TFC.h"
   2:../Sources/TFC/TFC_Motor.c **** #include "derivative.h"
   3:../Sources/TFC/TFC_Motor.c **** 
   4:../Sources/TFC/TFC_Motor.c **** 
   5:../Sources/TFC/TFC_Motor.c **** #define FTM0_MOD_VALUE	(int)((float)(PERIPHERAL_BUS_CLOCK)/TFC_MOTOR_SWITCHING_FREQUENCY)
   6:../Sources/TFC/TFC_Motor.c **** 
   7:../Sources/TFC/TFC_Motor.c **** #define FTM0_CLOCK                                   	      (CORE_CLOCK/2)
   8:../Sources/TFC/TFC_Motor.c **** #define FTM0_CLK_PRESCALE                                 	   0  // Prescale Selector value - see c
   9:../Sources/TFC/TFC_Motor.c **** #define FTM0_OVERFLOW_FREQUENCY 5000							  //
  10:../Sources/TFC/TFC_Motor.c **** 
  11:../Sources/TFC/TFC_Motor.c **** 
  12:../Sources/TFC/TFC_Motor.c **** /**********************************************************************************************/
  13:../Sources/TFC/TFC_Motor.c **** 
  14:../Sources/TFC/TFC_Motor.c **** 
  15:../Sources/TFC/TFC_Motor.c **** void TFC_InitMotorPWM()
  16:../Sources/TFC/TFC_Motor.c **** {
  43              		.loc 1 16 0
  44              		.cfi_startproc
  45 0000 80B5     		push	{r7, lr}
  46              	.LCFI0:
  47              		.cfi_def_cfa_offset 8
  48              		.cfi_offset 7, -8
  49              		.cfi_offset 14, -4
  50 0002 00AF     		add	r7, sp, #0
  51              	.LCFI1:
  52              		.cfi_def_cfa_register 7
  17:../Sources/TFC/TFC_Motor.c **** 	//Clock Setup for the TPM requires a couple steps.
  18:../Sources/TFC/TFC_Motor.c **** 
  19:../Sources/TFC/TFC_Motor.c **** 	
  20:../Sources/TFC/TFC_Motor.c ****     //1st,  set the clock mux
  21:../Sources/TFC/TFC_Motor.c ****     //See Page 124 of f the KL25 Sub-Family Reference Manual, Rev. 3, September 2012
  22:../Sources/TFC/TFC_Motor.c ****     SIM_SOPT2 |= SIM_SOPT2_PLLFLLSEL_MASK;// We Want MCGPLLCLK/2 (See Page 196 of the KL25 Sub-Fami
  53              		.loc 1 22 0
  54 0004 2D4A     		ldr	r2, .L2
  55 0006 2D49     		ldr	r1, .L2
  56 0008 2D4B     		ldr	r3, .L2+4
  57 000a CB58     		ldr	r3, [r1, r3]
  58 000c 8021     		mov	r1, #128
  59 000e 4902     		lsl	r1, r1, #9
  60 0010 1943     		orr	r1, r3
  61 0012 2B4B     		ldr	r3, .L2+4
  62 0014 D150     		str	r1, [r2, r3]
  23:../Sources/TFC/TFC_Motor.c ****     SIM_SOPT2 &= ~(SIM_SOPT2_TPMSRC_MASK);
  63              		.loc 1 23 0
  64 0016 294A     		ldr	r2, .L2
  65 0018 2849     		ldr	r1, .L2
  66 001a 294B     		ldr	r3, .L2+4
  67 001c C958     		ldr	r1, [r1, r3]
  68 001e 294B     		ldr	r3, .L2+8
  69 0020 1940     		and	r1, r3
  70 0022 274B     		ldr	r3, .L2+4
  71 0024 D150     		str	r1, [r2, r3]
  24:../Sources/TFC/TFC_Motor.c ****     SIM_SOPT2 |= SIM_SOPT2_TPMSRC(1); //We want the MCGPLLCLK/2 (See Page 196 of the KL25 Sub-Famil
  72              		.loc 1 24 0
  73 0026 254A     		ldr	r2, .L2
  74 0028 2449     		ldr	r1, .L2
  75 002a 254B     		ldr	r3, .L2+4
  76 002c CB58     		ldr	r3, [r1, r3]
  77 002e 8021     		mov	r1, #128
  78 0030 4904     		lsl	r1, r1, #17
  79 0032 1943     		orr	r1, r3
  80 0034 224B     		ldr	r3, .L2+4
  81 0036 D150     		str	r1, [r2, r3]
  25:../Sources/TFC/TFC_Motor.c **** 
  26:../Sources/TFC/TFC_Motor.c **** 
  27:../Sources/TFC/TFC_Motor.c **** 	//Enable the Clock to the FTM0 Module
  28:../Sources/TFC/TFC_Motor.c **** 	//See Page 207 of f the KL25 Sub-Family Reference Manual, Rev. 3, September 2012
  29:../Sources/TFC/TFC_Motor.c **** 	SIM_SCGC6 |= SIM_SCGC6_TPM0_MASK;
  82              		.loc 1 29 0
  83 0038 204A     		ldr	r2, .L2
  84 003a 2049     		ldr	r1, .L2
  85 003c 224B     		ldr	r3, .L2+12
  86 003e CB58     		ldr	r3, [r1, r3]
  87 0040 8021     		mov	r1, #128
  88 0042 4904     		lsl	r1, r1, #17
  89 0044 1943     		orr	r1, r3
  90 0046 204B     		ldr	r3, .L2+12
  91 0048 D150     		str	r1, [r2, r3]
  30:../Sources/TFC/TFC_Motor.c ****     
  31:../Sources/TFC/TFC_Motor.c ****     //The TPM Module has Clock.  Now set up the peripheral
  32:../Sources/TFC/TFC_Motor.c ****     
  33:../Sources/TFC/TFC_Motor.c ****     //Blow away the control registers to ensure that the counter is not running
  34:../Sources/TFC/TFC_Motor.c ****     TPM0_SC = 0;
  92              		.loc 1 34 0
  93 004a 204B     		ldr	r3, .L2+16
  94 004c 0022     		mov	r2, #0
  95 004e 1A60     		str	r2, [r3]
  35:../Sources/TFC/TFC_Motor.c ****     TPM0_CONF = 0;
  96              		.loc 1 35 0
  97 0050 1E4A     		ldr	r2, .L2+16
  98 0052 8423     		mov	r3, #132
  99 0054 0021     		mov	r1, #0
 100 0056 D150     		str	r1, [r2, r3]
  36:../Sources/TFC/TFC_Motor.c ****     
  37:../Sources/TFC/TFC_Motor.c ****     //While the counter is disabled we can setup the prescaler
  38:../Sources/TFC/TFC_Motor.c ****     
  39:../Sources/TFC/TFC_Motor.c ****     TPM0_SC = TPM_SC_PS(FTM0_CLK_PRESCALE);
 101              		.loc 1 39 0
 102 0058 1C4B     		ldr	r3, .L2+16
 103 005a 0022     		mov	r2, #0
 104 005c 1A60     		str	r2, [r3]
  40:../Sources/TFC/TFC_Motor.c ****     
  41:../Sources/TFC/TFC_Motor.c ****     //Setup the mod register to get the correct PWM Period
  42:../Sources/TFC/TFC_Motor.c ****     
  43:../Sources/TFC/TFC_Motor.c ****     TPM0_MOD = FTM0_CLOCK/(1<<FTM0_CLK_PRESCALE)/FTM0_OVERFLOW_FREQUENCY;
 105              		.loc 1 43 0
 106 005e 1B4B     		ldr	r3, .L2+16
 107 0060 9622     		mov	r2, #150
 108 0062 5201     		lsl	r2, r2, #5
 109 0064 9A60     		str	r2, [r3, #8]
  44:../Sources/TFC/TFC_Motor.c ****     
  45:../Sources/TFC/TFC_Motor.c ****     //Setup Channels 0,1,2,3
  46:../Sources/TFC/TFC_Motor.c ****     TPM0_C0SC = TPM_CnSC_MSB_MASK | TPM_CnSC_ELSB_MASK;
 110              		.loc 1 46 0
 111 0066 194B     		ldr	r3, .L2+16
 112 0068 2822     		mov	r2, #40
 113 006a DA60     		str	r2, [r3, #12]
  47:../Sources/TFC/TFC_Motor.c ****     TPM0_C1SC = TPM_CnSC_MSB_MASK | TPM_CnSC_ELSA_MASK; // invert the second PWM signal for a compl
 114              		.loc 1 47 0
 115 006c 174B     		ldr	r3, .L2+16
 116 006e 2422     		mov	r2, #36
 117 0070 5A61     		str	r2, [r3, #20]
  48:../Sources/TFC/TFC_Motor.c ****     TPM0_C2SC = TPM_CnSC_MSB_MASK | TPM_CnSC_ELSB_MASK;
 118              		.loc 1 48 0
 119 0072 164B     		ldr	r3, .L2+16
 120 0074 2822     		mov	r2, #40
 121 0076 DA61     		str	r2, [r3, #28]
  49:../Sources/TFC/TFC_Motor.c ****     TPM0_C3SC = TPM_CnSC_MSB_MASK | TPM_CnSC_ELSA_MASK; // invert the second PWM signal for a compl
 122              		.loc 1 49 0
 123 0078 144B     		ldr	r3, .L2+16
 124 007a 2422     		mov	r2, #36
 125 007c 5A62     		str	r2, [r3, #36]
  50:../Sources/TFC/TFC_Motor.c ****     
  51:../Sources/TFC/TFC_Motor.c ****     
  52:../Sources/TFC/TFC_Motor.c ****     //Enable the Counter
  53:../Sources/TFC/TFC_Motor.c ****     
  54:../Sources/TFC/TFC_Motor.c ****     //Set the Default duty cycle to 50% duty cycle
  55:../Sources/TFC/TFC_Motor.c ****     TFC_SetMotorPWM(0.0,0.0);
 126              		.loc 1 55 0
 127 007e 0022     		mov	r2, #0
 128 0080 0023     		mov	r3, #0
 129 0082 101C     		add	r0, r2, #0
 130 0084 191C     		add	r1, r3, #0
 131 0086 FFF7FEFF 		bl	TFC_SetMotorPWM
  56:../Sources/TFC/TFC_Motor.c ****     
  57:../Sources/TFC/TFC_Motor.c ****     //Enable the TPM COunter
  58:../Sources/TFC/TFC_Motor.c ****     TPM0_SC |= TPM_SC_CMOD(1);
 132              		.loc 1 58 0
 133 008a 104B     		ldr	r3, .L2+16
 134 008c 0F4A     		ldr	r2, .L2+16
 135 008e 1268     		ldr	r2, [r2]
 136 0090 0821     		mov	r1, #8
 137 0092 0A43     		orr	r2, r1
 138 0094 1A60     		str	r2, [r3]
  59:../Sources/TFC/TFC_Motor.c ****     
  60:../Sources/TFC/TFC_Motor.c ****     
  61:../Sources/TFC/TFC_Motor.c ****     //Enable the FTM functions on the the port
  62:../Sources/TFC/TFC_Motor.c ****     PORTC_PCR1 = PORT_PCR_MUX(4);
 139              		.loc 1 62 0
 140 0096 0E4B     		ldr	r3, .L2+20
 141 0098 8022     		mov	r2, #128
 142 009a D200     		lsl	r2, r2, #3
 143 009c 5A60     		str	r2, [r3, #4]
  63:../Sources/TFC/TFC_Motor.c ****     PORTC_PCR2 = PORT_PCR_MUX(4);     
 144              		.loc 1 63 0
 145 009e 0C4B     		ldr	r3, .L2+20
 146 00a0 8022     		mov	r2, #128
 147 00a2 D200     		lsl	r2, r2, #3
 148 00a4 9A60     		str	r2, [r3, #8]
  64:../Sources/TFC/TFC_Motor.c ****     PORTC_PCR3 = PORT_PCR_MUX(4);  
 149              		.loc 1 64 0
 150 00a6 0A4B     		ldr	r3, .L2+20
 151 00a8 8022     		mov	r2, #128
 152 00aa D200     		lsl	r2, r2, #3
 153 00ac DA60     		str	r2, [r3, #12]
  65:../Sources/TFC/TFC_Motor.c ****     PORTC_PCR4 = PORT_PCR_MUX(4);  
 154              		.loc 1 65 0
 155 00ae 084B     		ldr	r3, .L2+20
 156 00b0 8022     		mov	r2, #128
 157 00b2 D200     		lsl	r2, r2, #3
 158 00b4 1A61     		str	r2, [r3, #16]
  66:../Sources/TFC/TFC_Motor.c **** 
  67:../Sources/TFC/TFC_Motor.c **** }
 159              		.loc 1 67 0
 160 00b6 BD46     		mov	sp, r7
 161              		@ sp needed for prologue
 162 00b8 80BD     		pop	{r7, pc}
 163              	.L3:
 164 00ba C046     		.align	2
 165              	.L2:
 166 00bc 00700440 		.word	1074032640
 167 00c0 04100000 		.word	4100
 168 00c4 FFFFFFFC 		.word	-50331649
 169 00c8 3C100000 		.word	4156
 170 00cc 00800340 		.word	1073971200
 171 00d0 00B00440 		.word	1074049024
 172              		.cfi_endproc
 173              	.LFE0:
 175              		.global	__aeabi_fcmpgt
 176              		.global	__aeabi_fcmplt
 177              		.global	__aeabi_ui2f
 178              		.global	__aeabi_f2d
 179              		.global	__aeabi_dadd
 180              		.global	__aeabi_ddiv
 181              		.global	__aeabi_d2f
 182              		.global	__aeabi_fmul
 183              		.global	__aeabi_f2uiz
 184              		.section	.text.TFC_SetMotorPWM,"ax",%progbits
 185              		.align	2
 186              		.global	TFC_SetMotorPWM
 187              		.code	16
 188              		.thumb_func
 190              	TFC_SetMotorPWM:
 191              	.LFB1:
  68:../Sources/TFC/TFC_Motor.c **** 
  69:../Sources/TFC/TFC_Motor.c **** 
  70:../Sources/TFC/TFC_Motor.c **** 
  71:../Sources/TFC/TFC_Motor.c **** void TFC_SetMotorPWM(float MotorA , float MotorB)
  72:../Sources/TFC/TFC_Motor.c **** {
 192              		.loc 1 72 0
 193              		.cfi_startproc
 194 0000 F0B5     		push	{r4, r5, r6, r7, lr}
 195              	.LCFI2:
 196              		.cfi_def_cfa_offset 20
 197              		.cfi_offset 4, -20
 198              		.cfi_offset 5, -16
 199              		.cfi_offset 6, -12
 200              		.cfi_offset 7, -8
 201              		.cfi_offset 14, -4
 202 0002 83B0     		sub	sp, sp, #12
 203              	.LCFI3:
 204              		.cfi_def_cfa_offset 32
 205 0004 00AF     		add	r7, sp, #0
 206              	.LCFI4:
 207              		.cfi_def_cfa_register 7
 208 0006 7860     		str	r0, [r7, #4]
 209 0008 3960     		str	r1, [r7]
  73:../Sources/TFC/TFC_Motor.c **** 	
  74:../Sources/TFC/TFC_Motor.c **** 	if(MotorA>1.0)
 210              		.loc 1 74 0
 211 000a 7868     		ldr	r0, [r7, #4]
 212 000c FE21     		mov	r1, #254
 213 000e 8905     		lsl	r1, r1, #22
 214 0010 FFF7FEFF 		bl	__aeabi_fcmpgt
 215 0014 031C     		mov	r3, r0
 216 0016 002B     		cmp	r3, #0
 217 0018 03D0     		beq	.L17
 218              	.L13:
  75:../Sources/TFC/TFC_Motor.c **** 		MotorA = 1.0;
 219              		.loc 1 75 0
 220 001a FE23     		mov	r3, #254
 221 001c 9B05     		lsl	r3, r3, #22
 222 001e 7B60     		str	r3, [r7, #4]
 223 0020 08E0     		b	.L7
 224              	.L17:
  76:../Sources/TFC/TFC_Motor.c **** 	else if(MotorA<-1.0)
 225              		.loc 1 76 0
 226 0022 7868     		ldr	r0, [r7, #4]
 227 0024 4449     		ldr	r1, .L19+16
 228 0026 FFF7FEFF 		bl	__aeabi_fcmplt
 229 002a 031C     		mov	r3, r0
 230 002c 002B     		cmp	r3, #0
 231 002e 01D0     		beq	.L7
 232              	.L14:
  77:../Sources/TFC/TFC_Motor.c **** 		MotorA = -1.0;
 233              		.loc 1 77 0
 234 0030 414B     		ldr	r3, .L19+16
 235 0032 7B60     		str	r3, [r7, #4]
 236              	.L7:
  78:../Sources/TFC/TFC_Motor.c **** 	
  79:../Sources/TFC/TFC_Motor.c **** 	if(MotorB>1.0)
 237              		.loc 1 79 0
 238 0034 3868     		ldr	r0, [r7]
 239 0036 FE21     		mov	r1, #254
 240 0038 8905     		lsl	r1, r1, #22
 241 003a FFF7FEFF 		bl	__aeabi_fcmpgt
 242 003e 031C     		mov	r3, r0
 243 0040 002B     		cmp	r3, #0
 244 0042 03D0     		beq	.L18
 245              	.L15:
  80:../Sources/TFC/TFC_Motor.c **** 		MotorB = 1.0;
 246              		.loc 1 80 0
 247 0044 FE23     		mov	r3, #254
 248 0046 9B05     		lsl	r3, r3, #22
 249 0048 3B60     		str	r3, [r7]
 250 004a 08E0     		b	.L11
 251              	.L18:
  81:../Sources/TFC/TFC_Motor.c **** 	else if(MotorB<-1.0)
 252              		.loc 1 81 0
 253 004c 3868     		ldr	r0, [r7]
 254 004e 3A49     		ldr	r1, .L19+16
 255 0050 FFF7FEFF 		bl	__aeabi_fcmplt
 256 0054 031C     		mov	r3, r0
 257 0056 002B     		cmp	r3, #0
 258 0058 01D0     		beq	.L11
 259              	.L16:
  82:../Sources/TFC/TFC_Motor.c **** 		MotorB = -1.0;
 260              		.loc 1 82 0
 261 005a 374B     		ldr	r3, .L19+16
 262 005c 3B60     		str	r3, [r7]
 263              	.L11:
  83:../Sources/TFC/TFC_Motor.c **** 		
  84:../Sources/TFC/TFC_Motor.c **** 	TPM0_C2V = (uint16_t) ((float)TPM0_MOD * (float)((MotorA + 1.0)/2.0));
 264              		.loc 1 84 0
 265 005e 374D     		ldr	r5, .L19+20
 266 0060 364B     		ldr	r3, .L19+20
 267 0062 9B68     		ldr	r3, [r3, #8]
 268 0064 181C     		mov	r0, r3
 269 0066 FFF7FEFF 		bl	__aeabi_ui2f
 270 006a 061C     		add	r6, r0, #0
 271 006c 7868     		ldr	r0, [r7, #4]
 272 006e FFF7FEFF 		bl	__aeabi_f2d
 273 0072 031C     		mov	r3, r0
 274 0074 0C1C     		mov	r4, r1
 275 0076 181C     		mov	r0, r3
 276 0078 211C     		mov	r1, r4
 277 007a 2C4B     		ldr	r3, .L19+4
 278 007c 2A4A     		ldr	r2, .L19
 279 007e FFF7FEFF 		bl	__aeabi_dadd
 280 0082 031C     		mov	r3, r0
 281 0084 0C1C     		mov	r4, r1
 282 0086 181C     		mov	r0, r3
 283 0088 211C     		mov	r1, r4
 284 008a 294A     		ldr	r2, .L19+8
 285 008c 294B     		ldr	r3, .L19+12
 286 008e FFF7FEFF 		bl	__aeabi_ddiv
 287 0092 031C     		mov	r3, r0
 288 0094 0C1C     		mov	r4, r1
 289 0096 181C     		mov	r0, r3
 290 0098 211C     		mov	r1, r4
 291 009a FFF7FEFF 		bl	__aeabi_d2f
 292 009e 031C     		add	r3, r0, #0
 293 00a0 301C     		add	r0, r6, #0
 294 00a2 191C     		add	r1, r3, #0
 295 00a4 FFF7FEFF 		bl	__aeabi_fmul
 296 00a8 031C     		add	r3, r0, #0
 297 00aa 181C     		add	r0, r3, #0
 298 00ac FFF7FEFF 		bl	__aeabi_f2uiz
 299 00b0 031C     		mov	r3, r0
 300 00b2 9BB2     		uxth	r3, r3
 301 00b4 2B62     		str	r3, [r5, #32]
  85:../Sources/TFC/TFC_Motor.c **** 	TPM0_C3V = TPM0_C2V;
 302              		.loc 1 85 0
 303 00b6 214B     		ldr	r3, .L19+20
 304 00b8 204A     		ldr	r2, .L19+20
 305 00ba 126A     		ldr	r2, [r2, #32]
 306 00bc 9A62     		str	r2, [r3, #40]
  86:../Sources/TFC/TFC_Motor.c **** 	TPM0_C0V = (uint16_t) ((float)TPM0_MOD * (float)((MotorB + 1.0)/2.0));
 307              		.loc 1 86 0
 308 00be 1F4D     		ldr	r5, .L19+20
 309 00c0 1E4B     		ldr	r3, .L19+20
 310 00c2 9B68     		ldr	r3, [r3, #8]
 311 00c4 181C     		mov	r0, r3
 312 00c6 FFF7FEFF 		bl	__aeabi_ui2f
 313 00ca 061C     		add	r6, r0, #0
 314 00cc 3868     		ldr	r0, [r7]
 315 00ce FFF7FEFF 		bl	__aeabi_f2d
 316 00d2 031C     		mov	r3, r0
 317 00d4 0C1C     		mov	r4, r1
 318 00d6 181C     		mov	r0, r3
 319 00d8 211C     		mov	r1, r4
 320 00da 144B     		ldr	r3, .L19+4
 321 00dc 124A     		ldr	r2, .L19
 322 00de FFF7FEFF 		bl	__aeabi_dadd
 323 00e2 031C     		mov	r3, r0
 324 00e4 0C1C     		mov	r4, r1
 325 00e6 181C     		mov	r0, r3
 326 00e8 211C     		mov	r1, r4
 327 00ea 114A     		ldr	r2, .L19+8
 328 00ec 114B     		ldr	r3, .L19+12
 329 00ee FFF7FEFF 		bl	__aeabi_ddiv
 330 00f2 031C     		mov	r3, r0
 331 00f4 0C1C     		mov	r4, r1
 332 00f6 181C     		mov	r0, r3
 333 00f8 211C     		mov	r1, r4
 334 00fa FFF7FEFF 		bl	__aeabi_d2f
 335 00fe 031C     		add	r3, r0, #0
 336 0100 301C     		add	r0, r6, #0
 337 0102 191C     		add	r1, r3, #0
 338 0104 FFF7FEFF 		bl	__aeabi_fmul
 339 0108 031C     		add	r3, r0, #0
 340 010a 181C     		add	r0, r3, #0
 341 010c FFF7FEFF 		bl	__aeabi_f2uiz
 342 0110 031C     		mov	r3, r0
 343 0112 9BB2     		uxth	r3, r3
 344 0114 2B61     		str	r3, [r5, #16]
  87:../Sources/TFC/TFC_Motor.c **** 	TPM0_C1V = TPM0_C0V;
 345              		.loc 1 87 0
 346 0116 094B     		ldr	r3, .L19+20
 347 0118 084A     		ldr	r2, .L19+20
 348 011a 1269     		ldr	r2, [r2, #16]
 349 011c 9A61     		str	r2, [r3, #24]
  88:../Sources/TFC/TFC_Motor.c **** 
  89:../Sources/TFC/TFC_Motor.c **** }
 350              		.loc 1 89 0
 351 011e BD46     		mov	sp, r7
 352 0120 03B0     		add	sp, sp, #12
 353              		@ sp needed for prologue
 354 0122 F0BD     		pop	{r4, r5, r6, r7, pc}
 355              	.L20:
 356 0124 C046C046 		.align	3
 357              	.L19:
 358 0128 00000000 		.word	0
 359 012c 0000F03F 		.word	1072693248
 360 0130 00000000 		.word	0
 361 0134 00000040 		.word	1073741824
 362 0138 000080BF 		.word	-1082130432
 363 013c 00800340 		.word	1073971200
 364              		.cfi_endproc
 365              	.LFE1:
 367              		.text
 368              	.Letext0:
 369              		.file 2 "D:/Programme/CodeWarrior/CW MCU v10.6.4/MCU/ARM_GCC_Support/ewl/EWL_C/include/cstdint"
 370              		.file 3 "D:/NWT/Workplace/FRDM-TFC/Project_Headers/MKL25Z4.h"
 371              		.file 4 "D:/NWT/Workplace/FRDM-TFC/Project_Headers/config.h"
 372              		.file 5 "D:/NWT/Workplace/FRDM-TFC/Project_Headers/LineScanCam.h"
 373              		.file 6 "D:/NWT/Workplace/FRDM-TFC/Project_Headers/motorServo.h"
DEFINED SYMBOLS
                            *ABS*:00000000 TFC_Motor.c
                            *COM*:00000004 motor
                            *COM*:00000004 servo
                            *COM*:00000004 LEDconfig
                            *COM*:00000004 target
                            *COM*:00000004 auslmultiplier
                            *COM*:00000004 speedMultiplier
                            *COM*:00000004 minSpeed
                            *COM*:00000004 linetimeout
                            *COM*:00000004 ruckwartsZeit
                            *COM*:00000200 camData
                            *COM*:00000004 active
                            *COM*:00000004 Sausl
                            *COM*:00000004 linemissing
                            *COM*:00000004 checkLineStep
                            *COM*:00000004 Motorspeed
                            *COM*:00000004 Servoausl
                            *COM*:00000004 drivingBack
C:\Users\Darkp\AppData\Local\Temp\cc4jSByJ.s:35     .text.TFC_InitMotorPWM:00000000 $t
C:\Users\Darkp\AppData\Local\Temp\cc4jSByJ.s:40     .text.TFC_InitMotorPWM:00000000 TFC_InitMotorPWM
C:\Users\Darkp\AppData\Local\Temp\cc4jSByJ.s:190    .text.TFC_SetMotorPWM:00000000 TFC_SetMotorPWM
C:\Users\Darkp\AppData\Local\Temp\cc4jSByJ.s:166    .text.TFC_InitMotorPWM:000000bc $d
C:\Users\Darkp\AppData\Local\Temp\cc4jSByJ.s:185    .text.TFC_SetMotorPWM:00000000 $t
C:\Users\Darkp\AppData\Local\Temp\cc4jSByJ.s:358    .text.TFC_SetMotorPWM:00000128 $d
                     .debug_frame:00000010 $d

UNDEFINED SYMBOLS
__aeabi_fcmpgt
__aeabi_fcmplt
__aeabi_ui2f
__aeabi_f2d
__aeabi_dadd
__aeabi_ddiv
__aeabi_d2f
__aeabi_fmul
__aeabi_f2uiz
