   1              		.cpu cortex-m0
   2              		.fpu softvfp
   3              		.eabi_attribute 20, 1
   4              		.eabi_attribute 21, 1
   5              		.eabi_attribute 23, 3
   6              		.eabi_attribute 24, 1
   7              		.eabi_attribute 25, 1
   8              		.eabi_attribute 26, 1
   9              		.eabi_attribute 30, 6
  10              		.eabi_attribute 34, 0
  11              		.eabi_attribute 18, 4
  12              		.code	16
  13              		.file	"TFC_ARM_SysTick.c"
  14              		.text
  15              	.Ltext0:
  16              		.cfi_sections	.debug_frame
  17              		.comm	motor,4,4
  18              		.comm	servo,4,4
  19              		.comm	LEDconfig,4,4
  20              		.comm	target,4,4
  21              		.comm	auslmultiplier,4,4
  22              		.comm	speedMultiplier,4,4
  23              		.comm	minSpeed,4,4
  24              		.comm	linetimeout,4,4
  25              		.comm	ruckwartsZeit,4,4
  26              		.comm	camData,512,4
  27              		.comm	active,4,4
  28              		.comm	Sausl,4,4
  29              		.comm	linemissing,4,4
  30              		.comm	checkLineStep,4,4
  31              		.comm	Motorspeed,4,4
  32              		.comm	Servoausl,4,4
  33              		.comm	drivingBack,4,4
  34              		.section	.bss.DelayTimerTick,"aw",%nobits
  35              		.align	2
  38              	DelayTimerTick:
  39 0000 00000000 		.space	4
  40              		.comm	TFC_Ticker,16,4
  41              		.section	.text.TFC_InitSysTick,"ax",%progbits
  42              		.align	2
  43              		.global	TFC_InitSysTick
  44              		.code	16
  45              		.thumb_func
  47              	TFC_InitSysTick:
  48              	.LFB0:
  49              		.file 1 "../Sources/TFC/TFC_ARM_SysTick.c"
   1:../Sources/TFC/TFC_ARM_SysTick.c **** #include "TFC\TFC.h"
   2:../Sources/TFC/TFC_ARM_SysTick.c **** 
   3:../Sources/TFC/TFC_ARM_SysTick.c **** static volatile unsigned int DelayTimerTick = 0;
   4:../Sources/TFC/TFC_ARM_SysTick.c **** volatile uint32_t TFC_Ticker[NUM_TFC_TICKERS];
   5:../Sources/TFC/TFC_ARM_SysTick.c **** 
   6:../Sources/TFC/TFC_ARM_SysTick.c **** 
   7:../Sources/TFC/TFC_ARM_SysTick.c **** //Since this SysTick is part of the Cortex M0 Core,   you need to look in the 
   8:../Sources/TFC/TFC_ARM_SysTick.c **** //Cortex M0 Generic users Guide
   9:../Sources/TFC/TFC_ARM_SysTick.c **** 
  10:../Sources/TFC/TFC_ARM_SysTick.c **** //See Section 4.4
  11:../Sources/TFC/TFC_ARM_SysTick.c **** void TFC_InitSysTick()
  12:../Sources/TFC/TFC_ARM_SysTick.c **** {
  50              		.loc 1 12 0
  51              		.cfi_startproc
  52 0000 80B5     		push	{r7, lr}
  53              	.LCFI0:
  54              		.cfi_def_cfa_offset 8
  55              		.cfi_offset 7, -8
  56              		.cfi_offset 14, -4
  57 0002 82B0     		sub	sp, sp, #8
  58              	.LCFI1:
  59              		.cfi_def_cfa_offset 16
  60 0004 00AF     		add	r7, sp, #0
  61              	.LCFI2:
  62              		.cfi_def_cfa_register 7
  13:../Sources/TFC/TFC_ARM_SysTick.c **** 	uint8_t i;
  14:../Sources/TFC/TFC_ARM_SysTick.c **** 	
  15:../Sources/TFC/TFC_ARM_SysTick.c **** 	for(i=0;i<NUM_TFC_TICKERS;i++)
  63              		.loc 1 15 0
  64 0006 FB1D     		add	r3, r7, #7
  65 0008 0022     		mov	r2, #0
  66 000a 1A70     		strb	r2, [r3]
  67 000c 0AE0     		b	.L2
  68              	.L3:
  16:../Sources/TFC/TFC_ARM_SysTick.c **** 		TFC_Ticker[i] = 0;
  69              		.loc 1 16 0
  70 000e FB1D     		add	r3, r7, #7
  71 0010 1A78     		ldrb	r2, [r3]
  72 0012 0B4B     		ldr	r3, .L4
  73 0014 9200     		lsl	r2, r2, #2
  74 0016 0021     		mov	r1, #0
  75 0018 D150     		str	r1, [r2, r3]
  15:../Sources/TFC/TFC_ARM_SysTick.c **** 	for(i=0;i<NUM_TFC_TICKERS;i++)
  76              		.loc 1 15 0
  77 001a FB1D     		add	r3, r7, #7
  78 001c FA1D     		add	r2, r7, #7
  79 001e 1278     		ldrb	r2, [r2]
  80 0020 0132     		add	r2, r2, #1
  81 0022 1A70     		strb	r2, [r3]
  82              	.L2:
  15:../Sources/TFC/TFC_ARM_SysTick.c **** 	for(i=0;i<NUM_TFC_TICKERS;i++)
  83              		.loc 1 15 0 is_stmt 0
  84 0024 FB1D     		add	r3, r7, #7
  85 0026 1B78     		ldrb	r3, [r3]
  86 0028 032B     		cmp	r3, #3
  87 002a F0D9     		bls	.L3
  17:../Sources/TFC/TFC_ARM_SysTick.c **** 	
  18:../Sources/TFC/TFC_ARM_SysTick.c **** 	SYST_RVR = CORE_CLOCK/SYSTICK_FREQUENCY;
  88              		.loc 1 18 0 is_stmt 1
  89 002c 054B     		ldr	r3, .L4+4
  90 002e 064A     		ldr	r2, .L4+8
  91 0030 5A60     		str	r2, [r3, #4]
  19:../Sources/TFC/TFC_ARM_SysTick.c **** 	SYST_CSR = SysTick_CSR_ENABLE_MASK | SysTick_CSR_TICKINT_MASK | SysTick_CSR_CLKSOURCE_MASK;
  92              		.loc 1 19 0
  93 0032 044B     		ldr	r3, .L4+4
  94 0034 0722     		mov	r2, #7
  95 0036 1A60     		str	r2, [r3]
  20:../Sources/TFC/TFC_ARM_SysTick.c **** 
  21:../Sources/TFC/TFC_ARM_SysTick.c **** 	//Important!  Since the Systick is part of the Cortex core and NOT a kinetis peripheral
  22:../Sources/TFC/TFC_ARM_SysTick.c **** 	// its Interrupt line is not passed through NVIC.   You need to make sure that
  23:../Sources/TFC/TFC_ARM_SysTick.c **** 	//the SysTickIRQ function is poopulated in the vector table.  See the kinetis_sysinit.c file
  24:../Sources/TFC/TFC_ARM_SysTick.c **** }
  96              		.loc 1 24 0
  97 0038 BD46     		mov	sp, r7
  98 003a 02B0     		add	sp, sp, #8
  99              		@ sp needed for prologue
 100 003c 80BD     		pop	{r7, pc}
 101              	.L5:
 102 003e C046     		.align	2
 103              	.L4:
 104 0040 00000000 		.word	TFC_Ticker
 105 0044 10E000E0 		.word	-536813552
 106 0048 80BB0000 		.word	48000
 107              		.cfi_endproc
 108              	.LFE0:
 110              		.section	.text.SysTick_Handler,"ax",%progbits
 111              		.align	2
 112              		.global	SysTick_Handler
 113              		.code	16
 114              		.thumb_func
 116              	SysTick_Handler:
 117              	.LFB1:
  25:../Sources/TFC/TFC_ARM_SysTick.c **** 
  26:../Sources/TFC/TFC_ARM_SysTick.c **** void SysTick_Handler()
  27:../Sources/TFC/TFC_ARM_SysTick.c **** {
 118              		.loc 1 27 0
 119              		.cfi_startproc
 120 0000 80B5     		push	{r7, lr}
 121              	.LCFI3:
 122              		.cfi_def_cfa_offset 8
 123              		.cfi_offset 7, -8
 124              		.cfi_offset 14, -4
 125 0002 82B0     		sub	sp, sp, #8
 126              	.LCFI4:
 127              		.cfi_def_cfa_offset 16
 128 0004 00AF     		add	r7, sp, #0
 129              	.LCFI5:
 130              		.cfi_def_cfa_register 7
  28:../Sources/TFC/TFC_ARM_SysTick.c **** 	uint8_t i;
  29:../Sources/TFC/TFC_ARM_SysTick.c **** 
  30:../Sources/TFC/TFC_ARM_SysTick.c **** 	if(DelayTimerTick<0xFFFFFFFF)
 131              		.loc 1 30 0
 132 0006 144B     		ldr	r3, .L11
 133 0008 1B68     		ldr	r3, [r3]
 134 000a 0133     		add	r3, r3, #1
 135 000c 04D0     		beq	.L7
  31:../Sources/TFC/TFC_ARM_SysTick.c **** 	{
  32:../Sources/TFC/TFC_ARM_SysTick.c **** 		DelayTimerTick++;
 136              		.loc 1 32 0
 137 000e 124B     		ldr	r3, .L11
 138 0010 1B68     		ldr	r3, [r3]
 139 0012 5A1C     		add	r2, r3, #1
 140 0014 104B     		ldr	r3, .L11
 141 0016 1A60     		str	r2, [r3]
 142              	.L7:
  33:../Sources/TFC/TFC_ARM_SysTick.c **** 	}
  34:../Sources/TFC/TFC_ARM_SysTick.c **** 	
  35:../Sources/TFC/TFC_ARM_SysTick.c **** 	for(i=0;i<NUM_TFC_TICKERS;i++)
 143              		.loc 1 35 0
 144 0018 FB1D     		add	r3, r7, #7
 145 001a 0022     		mov	r2, #0
 146 001c 1A70     		strb	r2, [r3]
 147 001e 14E0     		b	.L8
 148              	.L10:
  36:../Sources/TFC/TFC_ARM_SysTick.c **** 		if(TFC_Ticker[i]<0xFFFFFFFF)
 149              		.loc 1 36 0
 150 0020 FB1D     		add	r3, r7, #7
 151 0022 1A78     		ldrb	r2, [r3]
 152 0024 0D4B     		ldr	r3, .L11+4
 153 0026 9200     		lsl	r2, r2, #2
 154 0028 D358     		ldr	r3, [r2, r3]
 155 002a 0133     		add	r3, r3, #1
 156 002c 08D0     		beq	.L9
  37:../Sources/TFC/TFC_ARM_SysTick.c **** 			TFC_Ticker[i]++;
 157              		.loc 1 37 0
 158 002e FB1D     		add	r3, r7, #7
 159 0030 1B78     		ldrb	r3, [r3]
 160 0032 0A4A     		ldr	r2, .L11+4
 161 0034 9900     		lsl	r1, r3, #2
 162 0036 8A58     		ldr	r2, [r1, r2]
 163 0038 511C     		add	r1, r2, #1
 164 003a 084A     		ldr	r2, .L11+4
 165 003c 9B00     		lsl	r3, r3, #2
 166 003e 9950     		str	r1, [r3, r2]
 167              	.L9:
  35:../Sources/TFC/TFC_ARM_SysTick.c **** 	for(i=0;i<NUM_TFC_TICKERS;i++)
 168              		.loc 1 35 0
 169 0040 FB1D     		add	r3, r7, #7
 170 0042 FA1D     		add	r2, r7, #7
 171 0044 1278     		ldrb	r2, [r2]
 172 0046 0132     		add	r2, r2, #1
 173 0048 1A70     		strb	r2, [r3]
 174              	.L8:
  35:../Sources/TFC/TFC_ARM_SysTick.c **** 	for(i=0;i<NUM_TFC_TICKERS;i++)
 175              		.loc 1 35 0 is_stmt 0
 176 004a FB1D     		add	r3, r7, #7
 177 004c 1B78     		ldrb	r3, [r3]
 178 004e 032B     		cmp	r3, #3
 179 0050 E6D9     		bls	.L10
  38:../Sources/TFC/TFC_ARM_SysTick.c **** }
 180              		.loc 1 38 0 is_stmt 1
 181 0052 BD46     		mov	sp, r7
 182 0054 02B0     		add	sp, sp, #8
 183              		@ sp needed for prologue
 184 0056 80BD     		pop	{r7, pc}
 185              	.L12:
 186              		.align	2
 187              	.L11:
 188 0058 00000000 		.word	DelayTimerTick
 189 005c 00000000 		.word	TFC_Ticker
 190              		.cfi_endproc
 191              	.LFE1:
 193              		.section	.text.TFC_Delay_mS,"ax",%progbits
 194              		.align	2
 195              		.global	TFC_Delay_mS
 196              		.code	16
 197              		.thumb_func
 199              	TFC_Delay_mS:
 200              	.LFB2:
  39:../Sources/TFC/TFC_ARM_SysTick.c **** 
  40:../Sources/TFC/TFC_ARM_SysTick.c **** void TFC_Delay_mS(unsigned int TicksIn_mS)
  41:../Sources/TFC/TFC_ARM_SysTick.c **** {
 201              		.loc 1 41 0
 202              		.cfi_startproc
 203 0000 80B5     		push	{r7, lr}
 204              	.LCFI6:
 205              		.cfi_def_cfa_offset 8
 206              		.cfi_offset 7, -8
 207              		.cfi_offset 14, -4
 208 0002 82B0     		sub	sp, sp, #8
 209              	.LCFI7:
 210              		.cfi_def_cfa_offset 16
 211 0004 00AF     		add	r7, sp, #0
 212              	.LCFI8:
 213              		.cfi_def_cfa_register 7
 214 0006 7860     		str	r0, [r7, #4]
  42:../Sources/TFC/TFC_ARM_SysTick.c **** 	DelayTimerTick = 0;
 215              		.loc 1 42 0
 216 0008 054B     		ldr	r3, .L15
 217 000a 0022     		mov	r2, #0
 218 000c 1A60     		str	r2, [r3]
  43:../Sources/TFC/TFC_ARM_SysTick.c **** 
  44:../Sources/TFC/TFC_ARM_SysTick.c **** 	while(DelayTimerTick<TicksIn_mS)
 219              		.loc 1 44 0
 220 000e C046     		mov	r8, r8
 221              	.L14:
 222              		.loc 1 44 0 is_stmt 0
 223 0010 034B     		ldr	r3, .L15
 224 0012 1A68     		ldr	r2, [r3]
 225 0014 7B68     		ldr	r3, [r7, #4]
 226 0016 9A42     		cmp	r2, r3
 227 0018 FAD3     		bcc	.L14
  45:../Sources/TFC/TFC_ARM_SysTick.c **** 	{
  46:../Sources/TFC/TFC_ARM_SysTick.c **** 	}
  47:../Sources/TFC/TFC_ARM_SysTick.c **** }
 228              		.loc 1 47 0 is_stmt 1
 229 001a BD46     		mov	sp, r7
 230 001c 02B0     		add	sp, sp, #8
 231              		@ sp needed for prologue
 232 001e 80BD     		pop	{r7, pc}
 233              	.L16:
 234              		.align	2
 235              	.L15:
 236 0020 00000000 		.word	DelayTimerTick
 237              		.cfi_endproc
 238              	.LFE2:
 240              		.text
 241              	.Letext0:
 242              		.file 2 "D:/Programme/CodeWarrior/CW MCU v10.6.4/MCU/ARM_GCC_Support/ewl/EWL_C/include/cstdint"
 243              		.file 3 "D:/NWT/Workplace/FRDM-TFC/Project_Headers/MKL25Z4.h"
 244              		.file 4 "D:/NWT/Workplace/FRDM-TFC/Project_Headers/config.h"
 245              		.file 5 "D:/NWT/Workplace/FRDM-TFC/Project_Headers/LineScanCam.h"
 246              		.file 6 "D:/NWT/Workplace/FRDM-TFC/Project_Headers/motorServo.h"
DEFINED SYMBOLS
                            *ABS*:00000000 TFC_ARM_SysTick.c
                            *COM*:00000004 motor
                            *COM*:00000004 servo
                            *COM*:00000004 LEDconfig
                            *COM*:00000004 target
                            *COM*:00000004 auslmultiplier
                            *COM*:00000004 speedMultiplier
                            *COM*:00000004 minSpeed
                            *COM*:00000004 linetimeout
                            *COM*:00000004 ruckwartsZeit
                            *COM*:00000200 camData
                            *COM*:00000004 active
                            *COM*:00000004 Sausl
                            *COM*:00000004 linemissing
                            *COM*:00000004 checkLineStep
                            *COM*:00000004 Motorspeed
                            *COM*:00000004 Servoausl
                            *COM*:00000004 drivingBack
C:\Users\Darkp\AppData\Local\Temp\ccGPDziF.s:35     .bss.DelayTimerTick:00000000 $d
C:\Users\Darkp\AppData\Local\Temp\ccGPDziF.s:38     .bss.DelayTimerTick:00000000 DelayTimerTick
                            *COM*:00000010 TFC_Ticker
C:\Users\Darkp\AppData\Local\Temp\ccGPDziF.s:42     .text.TFC_InitSysTick:00000000 $t
C:\Users\Darkp\AppData\Local\Temp\ccGPDziF.s:47     .text.TFC_InitSysTick:00000000 TFC_InitSysTick
C:\Users\Darkp\AppData\Local\Temp\ccGPDziF.s:104    .text.TFC_InitSysTick:00000040 $d
C:\Users\Darkp\AppData\Local\Temp\ccGPDziF.s:111    .text.SysTick_Handler:00000000 $t
C:\Users\Darkp\AppData\Local\Temp\ccGPDziF.s:116    .text.SysTick_Handler:00000000 SysTick_Handler
C:\Users\Darkp\AppData\Local\Temp\ccGPDziF.s:188    .text.SysTick_Handler:00000058 $d
C:\Users\Darkp\AppData\Local\Temp\ccGPDziF.s:194    .text.TFC_Delay_mS:00000000 $t
C:\Users\Darkp\AppData\Local\Temp\ccGPDziF.s:199    .text.TFC_Delay_mS:00000000 TFC_Delay_mS
C:\Users\Darkp\AppData\Local\Temp\ccGPDziF.s:236    .text.TFC_Delay_mS:00000020 $d
                     .debug_frame:00000010 $d

NO UNDEFINED SYMBOLS
