   1              		.cpu cortex-m0
   2              		.fpu softvfp
   3              		.eabi_attribute 20, 1
   4              		.eabi_attribute 21, 1
   5              		.eabi_attribute 23, 3
   6              		.eabi_attribute 24, 1
   7              		.eabi_attribute 25, 1
   8              		.eabi_attribute 26, 1
   9              		.eabi_attribute 30, 6
  10              		.eabi_attribute 34, 0
  11              		.eabi_attribute 18, 4
  12              		.code	16
  13              		.file	"TFC_BoardSupport.c"
  14              		.text
  15              	.Ltext0:
  16              		.cfi_sections	.debug_frame
  17              		.comm	motor,4,4
  18              		.comm	servo,4,4
  19              		.comm	LEDconfig,4,4
  20              		.comm	target,4,4
  21              		.comm	auslmultiplier,4,4
  22              		.comm	speedMultiplier,4,4
  23              		.comm	minSpeed,4,4
  24              		.comm	linetimeout,4,4
  25              		.comm	ruckwartsZeit,4,4
  26              		.comm	camData,512,4
  27              		.comm	active,4,4
  28              		.comm	Sausl,4,4
  29              		.comm	linemissing,4,4
  30              		.comm	checkLineStep,4,4
  31              		.comm	Motorspeed,4,4
  32              		.comm	Servoausl,4,4
  33              		.comm	drivingBack,4,4
  34              		.section	.text.TFC_InitGPIO,"ax",%progbits
  35              		.align	2
  36              		.global	TFC_InitGPIO
  37              		.code	16
  38              		.thumb_func
  40              	TFC_InitGPIO:
  41              	.LFB0:
  42              		.file 1 "../Sources/TFC/TFC_BoardSupport.c"
   1:../Sources/TFC/TFC_BoardSupport.c **** #include "TFC\TFC.h"
   2:../Sources/TFC/TFC_BoardSupport.c **** 
   3:../Sources/TFC/TFC_BoardSupport.c **** 
   4:../Sources/TFC/TFC_BoardSupport.c **** //set I/O for H-BRIDGE enables, switches and LEDs
   5:../Sources/TFC/TFC_BoardSupport.c **** void TFC_InitGPIO()
   6:../Sources/TFC/TFC_BoardSupport.c **** {
  43              		.loc 1 6 0
  44              		.cfi_startproc
  45 0000 80B5     		push	{r7, lr}
  46              	.LCFI0:
  47              		.cfi_def_cfa_offset 8
  48              		.cfi_offset 7, -8
  49              		.cfi_offset 14, -4
  50 0002 00AF     		add	r7, sp, #0
  51              	.LCFI1:
  52              		.cfi_def_cfa_register 7
   7:../Sources/TFC/TFC_BoardSupport.c **** 	//enable Clocks to all ports
   8:../Sources/TFC/TFC_BoardSupport.c **** 	
   9:../Sources/TFC/TFC_BoardSupport.c **** 	SIM_SCGC5 |= SIM_SCGC5_PORTA_MASK | SIM_SCGC5_PORTB_MASK | SIM_SCGC5_PORTC_MASK | SIM_SCGC5_PORTD_
  53              		.loc 1 9 0
  54 0004 244A     		ldr	r2, .L2
  55 0006 2449     		ldr	r1, .L2
  56 0008 244B     		ldr	r3, .L2+4
  57 000a CB58     		ldr	r3, [r1, r3]
  58 000c F821     		mov	r1, #248
  59 000e 8901     		lsl	r1, r1, #6
  60 0010 1943     		orr	r1, r3
  61 0012 224B     		ldr	r3, .L2+4
  62 0014 D150     		str	r1, [r2, r3]
  10:../Sources/TFC/TFC_BoardSupport.c **** 
  11:../Sources/TFC/TFC_BoardSupport.c **** 	//Setup Pins as GPIO
  12:../Sources/TFC/TFC_BoardSupport.c **** 	PORTE_PCR21 = PORT_PCR_MUX(1) | PORT_PCR_DSE_MASK;   
  63              		.loc 1 12 0
  64 0016 224B     		ldr	r3, .L2+8
  65 0018 A022     		mov	r2, #160
  66 001a 5200     		lsl	r2, r2, #1
  67 001c 5A65     		str	r2, [r3, #84]
  13:../Sources/TFC/TFC_BoardSupport.c **** 	PORTE_PCR20 = PORT_PCR_MUX(1);    
  68              		.loc 1 13 0
  69 001e 204B     		ldr	r3, .L2+8
  70 0020 8022     		mov	r2, #128
  71 0022 5200     		lsl	r2, r2, #1
  72 0024 1A65     		str	r2, [r3, #80]
  14:../Sources/TFC/TFC_BoardSupport.c **** 	
  15:../Sources/TFC/TFC_BoardSupport.c **** 	//Port for Pushbuttons
  16:../Sources/TFC/TFC_BoardSupport.c **** 	PORTC_PCR13 = PORT_PCR_MUX(1);   
  73              		.loc 1 16 0
  74 0026 1F4B     		ldr	r3, .L2+12
  75 0028 8022     		mov	r2, #128
  76 002a 5200     		lsl	r2, r2, #1
  77 002c 5A63     		str	r2, [r3, #52]
  17:../Sources/TFC/TFC_BoardSupport.c **** 	PORTC_PCR17 = PORT_PCR_MUX(1);   
  78              		.loc 1 17 0
  79 002e 1D4B     		ldr	r3, .L2+12
  80 0030 8022     		mov	r2, #128
  81 0032 5200     		lsl	r2, r2, #1
  82 0034 5A64     		str	r2, [r3, #68]
  18:../Sources/TFC/TFC_BoardSupport.c **** 	
  19:../Sources/TFC/TFC_BoardSupport.c **** 	
  20:../Sources/TFC/TFC_BoardSupport.c **** 	//Ports for DIP Switches
  21:../Sources/TFC/TFC_BoardSupport.c **** 	PORTE_PCR2 = PORT_PCR_MUX(1); 
  83              		.loc 1 21 0
  84 0036 1A4B     		ldr	r3, .L2+8
  85 0038 8022     		mov	r2, #128
  86 003a 5200     		lsl	r2, r2, #1
  87 003c 9A60     		str	r2, [r3, #8]
  22:../Sources/TFC/TFC_BoardSupport.c **** 	PORTE_PCR3 = PORT_PCR_MUX(1);
  88              		.loc 1 22 0
  89 003e 184B     		ldr	r3, .L2+8
  90 0040 8022     		mov	r2, #128
  91 0042 5200     		lsl	r2, r2, #1
  92 0044 DA60     		str	r2, [r3, #12]
  23:../Sources/TFC/TFC_BoardSupport.c **** 	PORTE_PCR4 = PORT_PCR_MUX(1); 
  93              		.loc 1 23 0
  94 0046 164B     		ldr	r3, .L2+8
  95 0048 8022     		mov	r2, #128
  96 004a 5200     		lsl	r2, r2, #1
  97 004c 1A61     		str	r2, [r3, #16]
  24:../Sources/TFC/TFC_BoardSupport.c **** 	PORTE_PCR5 = PORT_PCR_MUX(1);
  98              		.loc 1 24 0
  99 004e 144B     		ldr	r3, .L2+8
 100 0050 8022     		mov	r2, #128
 101 0052 5200     		lsl	r2, r2, #1
 102 0054 5A61     		str	r2, [r3, #20]
  25:../Sources/TFC/TFC_BoardSupport.c **** 	
  26:../Sources/TFC/TFC_BoardSupport.c **** 	//Ports for LEDs
  27:../Sources/TFC/TFC_BoardSupport.c **** 	PORTB_PCR8 = PORT_PCR_MUX(1) | PORT_PCR_DSE_MASK;   
 103              		.loc 1 27 0
 104 0056 144B     		ldr	r3, .L2+16
 105 0058 A022     		mov	r2, #160
 106 005a 5200     		lsl	r2, r2, #1
 107 005c 1A62     		str	r2, [r3, #32]
  28:../Sources/TFC/TFC_BoardSupport.c **** 	PORTB_PCR9 = PORT_PCR_MUX(1) | PORT_PCR_DSE_MASK;   
 108              		.loc 1 28 0
 109 005e 124B     		ldr	r3, .L2+16
 110 0060 A022     		mov	r2, #160
 111 0062 5200     		lsl	r2, r2, #1
 112 0064 5A62     		str	r2, [r3, #36]
  29:../Sources/TFC/TFC_BoardSupport.c **** 	PORTB_PCR10 = PORT_PCR_MUX(1) | PORT_PCR_DSE_MASK;   
 113              		.loc 1 29 0
 114 0066 104B     		ldr	r3, .L2+16
 115 0068 A022     		mov	r2, #160
 116 006a 5200     		lsl	r2, r2, #1
 117 006c 9A62     		str	r2, [r3, #40]
  30:../Sources/TFC/TFC_BoardSupport.c **** 	PORTB_PCR11 = PORT_PCR_MUX(1) | PORT_PCR_DSE_MASK;   
 118              		.loc 1 30 0
 119 006e 0E4B     		ldr	r3, .L2+16
 120 0070 A022     		mov	r2, #160
 121 0072 5200     		lsl	r2, r2, #1
 122 0074 DA62     		str	r2, [r3, #44]
  31:../Sources/TFC/TFC_BoardSupport.c **** 	
  32:../Sources/TFC/TFC_BoardSupport.c **** 	
  33:../Sources/TFC/TFC_BoardSupport.c **** 	//Setup the output pins
  34:../Sources/TFC/TFC_BoardSupport.c ****     GPIOE_PDDR =  TFC_HBRIDGE_EN_LOC;  
 123              		.loc 1 34 0
 124 0076 0D4B     		ldr	r3, .L2+20
 125 0078 8022     		mov	r2, #128
 126 007a 9203     		lsl	r2, r2, #14
 127 007c 5A61     		str	r2, [r3, #20]
  35:../Sources/TFC/TFC_BoardSupport.c ****     GPIOB_PDDR =  TFC_BAT_LED0_LOC	| TFC_BAT_LED1_LOC | TFC_BAT_LED2_LOC | TFC_BAT_LED3_LOC;
 128              		.loc 1 35 0
 129 007e 0C4B     		ldr	r3, .L2+24
 130 0080 F022     		mov	r2, #240
 131 0082 1201     		lsl	r2, r2, #4
 132 0084 5A61     		str	r2, [r3, #20]
  36:../Sources/TFC/TFC_BoardSupport.c **** 
  37:../Sources/TFC/TFC_BoardSupport.c ****     TFC_SetBatteryLED_Level(0);
 133              		.loc 1 37 0
 134 0086 0020     		mov	r0, #0
 135 0088 FFF7FEFF 		bl	TFC_SetBatteryLED_Level
  38:../Sources/TFC/TFC_BoardSupport.c ****     TFC_HBRIDGE_DISABLE;
 136              		.loc 1 38 0
 137 008c 074B     		ldr	r3, .L2+20
 138 008e 8022     		mov	r2, #128
 139 0090 9203     		lsl	r2, r2, #14
 140 0092 9A60     		str	r2, [r3, #8]
  39:../Sources/TFC/TFC_BoardSupport.c ****     
  40:../Sources/TFC/TFC_BoardSupport.c **** }
 141              		.loc 1 40 0
 142 0094 BD46     		mov	sp, r7
 143              		@ sp needed for prologue
 144 0096 80BD     		pop	{r7, pc}
 145              	.L3:
 146              		.align	2
 147              	.L2:
 148 0098 00700440 		.word	1074032640
 149 009c 38100000 		.word	4152
 150 00a0 00D00440 		.word	1074057216
 151 00a4 00B00440 		.word	1074049024
 152 00a8 00A00440 		.word	1074044928
 153 00ac 00F10F40 		.word	1074786560
 154 00b0 40F00F40 		.word	1074786368
 155              		.cfi_endproc
 156              	.LFE0:
 158              		.section	.text.TFC_SetBatteryLED_Level,"ax",%progbits
 159              		.align	2
 160              		.global	TFC_SetBatteryLED_Level
 161              		.code	16
 162              		.thumb_func
 164              	TFC_SetBatteryLED_Level:
 165              	.LFB1:
  41:../Sources/TFC/TFC_BoardSupport.c **** 
  42:../Sources/TFC/TFC_BoardSupport.c **** 
  43:../Sources/TFC/TFC_BoardSupport.c **** void TFC_SetBatteryLED_Level(uint8_t BattLevel)
  44:../Sources/TFC/TFC_BoardSupport.c **** {
 166              		.loc 1 44 0
 167              		.cfi_startproc
 168 0000 80B5     		push	{r7, lr}
 169              	.LCFI2:
 170              		.cfi_def_cfa_offset 8
 171              		.cfi_offset 7, -8
 172              		.cfi_offset 14, -4
 173 0002 82B0     		sub	sp, sp, #8
 174              	.LCFI3:
 175              		.cfi_def_cfa_offset 16
 176 0004 00AF     		add	r7, sp, #0
 177              	.LCFI4:
 178              		.cfi_def_cfa_register 7
 179 0006 021C     		mov	r2, r0
 180 0008 FB1D     		add	r3, r7, #7
 181 000a 1A70     		strb	r2, [r3]
  45:../Sources/TFC/TFC_BoardSupport.c **** 	switch(BattLevel)
 182              		.loc 1 45 0
 183 000c FB1D     		add	r3, r7, #7
 184 000e 1B78     		ldrb	r3, [r3]
 185 0010 022B     		cmp	r3, #2
 186 0012 15D0     		beq	.L7
 187 0014 02DC     		bgt	.L10
 188 0016 012B     		cmp	r3, #1
 189 0018 09D0     		beq	.L6
 190 001a 03E0     		b	.L5
 191              	.L10:
 192 001c 032B     		cmp	r3, #3
 193 001e 18D0     		beq	.L8
 194 0020 042B     		cmp	r3, #4
 195 0022 1FD0     		beq	.L9
 196              	.L5:
  46:../Sources/TFC/TFC_BoardSupport.c **** 	{
  47:../Sources/TFC/TFC_BoardSupport.c **** 		default:
  48:../Sources/TFC/TFC_BoardSupport.c **** 		case 0:
  49:../Sources/TFC/TFC_BoardSupport.c **** 			GPIOB_PCOR = 0xF<<8;
 197              		.loc 1 49 0
 198 0024 134B     		ldr	r3, .L12
 199 0026 F022     		mov	r2, #240
 200 0028 1201     		lsl	r2, r2, #4
 201 002a 9A60     		str	r2, [r3, #8]
  50:../Sources/TFC/TFC_BoardSupport.c **** 		break;
 202              		.loc 1 50 0
 203 002c 1FE0     		b	.L4
 204              	.L6:
  51:../Sources/TFC/TFC_BoardSupport.c **** 	
  52:../Sources/TFC/TFC_BoardSupport.c **** 		case 1:
  53:../Sources/TFC/TFC_BoardSupport.c **** 			GPIOB_PSOR = 0x01<<8;
 205              		.loc 1 53 0
 206 002e 114B     		ldr	r3, .L12
 207 0030 8022     		mov	r2, #128
 208 0032 5200     		lsl	r2, r2, #1
 209 0034 5A60     		str	r2, [r3, #4]
  54:../Sources/TFC/TFC_BoardSupport.c **** 			GPIOB_PCOR = ~(0x01<<8) & (0xF<<8);
 210              		.loc 1 54 0
 211 0036 0F4B     		ldr	r3, .L12
 212 0038 E022     		mov	r2, #224
 213 003a 1201     		lsl	r2, r2, #4
 214 003c 9A60     		str	r2, [r3, #8]
  55:../Sources/TFC/TFC_BoardSupport.c **** 		break;
 215              		.loc 1 55 0
 216 003e 16E0     		b	.L4
 217              	.L7:
  56:../Sources/TFC/TFC_BoardSupport.c **** 		
  57:../Sources/TFC/TFC_BoardSupport.c **** 		case 2:
  58:../Sources/TFC/TFC_BoardSupport.c **** 			GPIOB_PSOR = 0x03<<8;
 218              		.loc 1 58 0
 219 0040 0C4B     		ldr	r3, .L12
 220 0042 C022     		mov	r2, #192
 221 0044 9200     		lsl	r2, r2, #2
 222 0046 5A60     		str	r2, [r3, #4]
  59:../Sources/TFC/TFC_BoardSupport.c **** 			GPIOB_PCOR = ~(0x03<<8) & (0xF<<8) ;
 223              		.loc 1 59 0
 224 0048 0A4B     		ldr	r3, .L12
 225 004a C022     		mov	r2, #192
 226 004c 1201     		lsl	r2, r2, #4
 227 004e 9A60     		str	r2, [r3, #8]
  60:../Sources/TFC/TFC_BoardSupport.c **** 		break;
 228              		.loc 1 60 0
 229 0050 0DE0     		b	.L4
 230              	.L8:
  61:../Sources/TFC/TFC_BoardSupport.c **** 		
  62:../Sources/TFC/TFC_BoardSupport.c **** 		case 3:
  63:../Sources/TFC/TFC_BoardSupport.c **** 			GPIOB_PSOR = 0x07<<8;
 231              		.loc 1 63 0
 232 0052 084B     		ldr	r3, .L12
 233 0054 E022     		mov	r2, #224
 234 0056 D200     		lsl	r2, r2, #3
 235 0058 5A60     		str	r2, [r3, #4]
  64:../Sources/TFC/TFC_BoardSupport.c **** 			GPIOB_PCOR = ~(0x07<<8) & (0xF<<8);
 236              		.loc 1 64 0
 237 005a 064B     		ldr	r3, .L12
 238 005c 8022     		mov	r2, #128
 239 005e 1201     		lsl	r2, r2, #4
 240 0060 9A60     		str	r2, [r3, #8]
  65:../Sources/TFC/TFC_BoardSupport.c **** 		break;
 241              		.loc 1 65 0
 242 0062 04E0     		b	.L4
 243              	.L9:
  66:../Sources/TFC/TFC_BoardSupport.c **** 		
  67:../Sources/TFC/TFC_BoardSupport.c **** 		case 4:
  68:../Sources/TFC/TFC_BoardSupport.c **** 			GPIOB_PSOR = 0x0F<<8;
 244              		.loc 1 68 0
 245 0064 034B     		ldr	r3, .L12
 246 0066 F022     		mov	r2, #240
 247 0068 1201     		lsl	r2, r2, #4
 248 006a 5A60     		str	r2, [r3, #4]
  69:../Sources/TFC/TFC_BoardSupport.c **** 		break;
 249              		.loc 1 69 0
 250 006c C046     		mov	r8, r8
 251              	.L4:
  70:../Sources/TFC/TFC_BoardSupport.c **** 		
  71:../Sources/TFC/TFC_BoardSupport.c **** 	}
  72:../Sources/TFC/TFC_BoardSupport.c **** }
 252              		.loc 1 72 0
 253 006e BD46     		mov	sp, r7
 254 0070 02B0     		add	sp, sp, #8
 255              		@ sp needed for prologue
 256 0072 80BD     		pop	{r7, pc}
 257              	.L13:
 258              		.align	2
 259              	.L12:
 260 0074 40F00F40 		.word	1074786368
 261              		.cfi_endproc
 262              	.LFE1:
 264              		.section	.text.TFC_GetDIP_Switch,"ax",%progbits
 265              		.align	2
 266              		.global	TFC_GetDIP_Switch
 267              		.code	16
 268              		.thumb_func
 270              	TFC_GetDIP_Switch:
 271              	.LFB2:
  73:../Sources/TFC/TFC_BoardSupport.c **** 
  74:../Sources/TFC/TFC_BoardSupport.c **** 
  75:../Sources/TFC/TFC_BoardSupport.c **** uint8_t TFC_GetDIP_Switch()
  76:../Sources/TFC/TFC_BoardSupport.c **** {
 272              		.loc 1 76 0
 273              		.cfi_startproc
 274 0000 80B5     		push	{r7, lr}
 275              	.LCFI5:
 276              		.cfi_def_cfa_offset 8
 277              		.cfi_offset 7, -8
 278              		.cfi_offset 14, -4
 279 0002 82B0     		sub	sp, sp, #8
 280              	.LCFI6:
 281              		.cfi_def_cfa_offset 16
 282 0004 00AF     		add	r7, sp, #0
 283              	.LCFI7:
 284              		.cfi_def_cfa_register 7
  77:../Sources/TFC/TFC_BoardSupport.c **** 	uint8_t DIP_Val=0;
 285              		.loc 1 77 0
 286 0006 FB1D     		add	r3, r7, #7
 287 0008 0022     		mov	r2, #0
 288 000a 1A70     		strb	r2, [r3]
  78:../Sources/TFC/TFC_BoardSupport.c **** 	
  79:../Sources/TFC/TFC_BoardSupport.c **** 	DIP_Val = (GPIOE_PDIR>>2) & 0xF;
 289              		.loc 1 79 0
 290 000c 064B     		ldr	r3, .L16
 291 000e 1B69     		ldr	r3, [r3, #16]
 292 0010 9B08     		lsr	r3, r3, #2
 293 0012 D9B2     		uxtb	r1, r3
 294 0014 FB1D     		add	r3, r7, #7
 295 0016 0F22     		mov	r2, #15
 296 0018 0A40     		and	r2, r1
 297 001a 1A70     		strb	r2, [r3]
  80:../Sources/TFC/TFC_BoardSupport.c **** 
  81:../Sources/TFC/TFC_BoardSupport.c **** 	return DIP_Val;
 298              		.loc 1 81 0
 299 001c FB1D     		add	r3, r7, #7
 300 001e 1B78     		ldrb	r3, [r3]
  82:../Sources/TFC/TFC_BoardSupport.c **** }
 301              		.loc 1 82 0
 302 0020 181C     		mov	r0, r3
 303 0022 BD46     		mov	sp, r7
 304 0024 02B0     		add	sp, sp, #8
 305              		@ sp needed for prologue
 306 0026 80BD     		pop	{r7, pc}
 307              	.L17:
 308              		.align	2
 309              	.L16:
 310 0028 00F10F40 		.word	1074786560
 311              		.cfi_endproc
 312              	.LFE2:
 314              		.text
 315              	.Letext0:
 316              		.file 2 "D:/Programme/CodeWarrior/CW MCU v10.6.4/MCU/ARM_GCC_Support/ewl/EWL_C/include/cstdint"
 317              		.file 3 "D:/NWT/Workplace/FRDM-TFC/Project_Headers/MKL25Z4.h"
 318              		.file 4 "D:/NWT/Workplace/FRDM-TFC/Project_Headers/config.h"
 319              		.file 5 "D:/NWT/Workplace/FRDM-TFC/Project_Headers/LineScanCam.h"
 320              		.file 6 "D:/NWT/Workplace/FRDM-TFC/Project_Headers/motorServo.h"
DEFINED SYMBOLS
                            *ABS*:00000000 TFC_BoardSupport.c
                            *COM*:00000004 motor
                            *COM*:00000004 servo
                            *COM*:00000004 LEDconfig
                            *COM*:00000004 target
                            *COM*:00000004 auslmultiplier
                            *COM*:00000004 speedMultiplier
                            *COM*:00000004 minSpeed
                            *COM*:00000004 linetimeout
                            *COM*:00000004 ruckwartsZeit
                            *COM*:00000200 camData
                            *COM*:00000004 active
                            *COM*:00000004 Sausl
                            *COM*:00000004 linemissing
                            *COM*:00000004 checkLineStep
                            *COM*:00000004 Motorspeed
                            *COM*:00000004 Servoausl
                            *COM*:00000004 drivingBack
C:\Users\Darkp\AppData\Local\Temp\ccMebc0N.s:35     .text.TFC_InitGPIO:00000000 $t
C:\Users\Darkp\AppData\Local\Temp\ccMebc0N.s:40     .text.TFC_InitGPIO:00000000 TFC_InitGPIO
C:\Users\Darkp\AppData\Local\Temp\ccMebc0N.s:164    .text.TFC_SetBatteryLED_Level:00000000 TFC_SetBatteryLED_Level
C:\Users\Darkp\AppData\Local\Temp\ccMebc0N.s:148    .text.TFC_InitGPIO:00000098 $d
C:\Users\Darkp\AppData\Local\Temp\ccMebc0N.s:159    .text.TFC_SetBatteryLED_Level:00000000 $t
C:\Users\Darkp\AppData\Local\Temp\ccMebc0N.s:260    .text.TFC_SetBatteryLED_Level:00000074 $d
C:\Users\Darkp\AppData\Local\Temp\ccMebc0N.s:265    .text.TFC_GetDIP_Switch:00000000 $t
C:\Users\Darkp\AppData\Local\Temp\ccMebc0N.s:270    .text.TFC_GetDIP_Switch:00000000 TFC_GetDIP_Switch
C:\Users\Darkp\AppData\Local\Temp\ccMebc0N.s:310    .text.TFC_GetDIP_Switch:00000028 $d
                     .debug_frame:00000010 $d

NO UNDEFINED SYMBOLS
