   1              		.cpu cortex-m0
   2              		.fpu softvfp
   3              		.eabi_attribute 20, 1
   4              		.eabi_attribute 21, 1
   5              		.eabi_attribute 23, 3
   6              		.eabi_attribute 24, 1
   7              		.eabi_attribute 25, 1
   8              		.eabi_attribute 26, 1
   9              		.eabi_attribute 30, 6
  10              		.eabi_attribute 34, 0
  11              		.eabi_attribute 18, 4
  12              		.code	16
  13              		.file	"TFC_Terminal.c"
  14              		.text
  15              	.Ltext0:
  16              		.cfi_sections	.debug_frame
  17              		.comm	motor,4,4
  18              		.comm	servo,4,4
  19              		.comm	LEDconfig,4,4
  20              		.comm	target,4,4
  21              		.comm	auslmultiplier,4,4
  22              		.comm	speedMultiplier,4,4
  23              		.comm	minSpeed,4,4
  24              		.comm	linetimeout,4,4
  25              		.comm	ruckwartsZeit,4,4
  26              		.comm	camData,512,4
  27              		.comm	active,4,4
  28              		.comm	Sausl,4,4
  29              		.comm	linemissing,4,4
  30              		.comm	checkLineStep,4,4
  31              		.comm	Motorspeed,4,4
  32              		.comm	Servoausl,4,4
  33              		.comm	drivingBack,4,4
  34              		.global	MyTerminalCallbackRecords
  35              		.section	.rodata
  36              		.align	2
  37              	.LC0:
  38 0000 68656C70 		.ascii	"help\000"
  38      00
  39 0005 000000   		.align	2
  40              	.LC1:
  41 0008 4C697374 		.ascii	"Lists available commands\000"
  41      73206176 
  41      61696C61 
  41      626C6520 
  41      636F6D6D 
  42 0021 000000   		.align	2
  43              	.LC2:
  44 0024 4C00     		.ascii	"L\000"
  45 0026 0000     		.align	2
  46              	.LC3:
  47 0028 44697370 		.ascii	"Displays linescan camera data\000"
  47      6C617973 
  47      206C696E 
  47      65736361 
  47      6E206361 
  48 0046 0000     		.align	2
  49              	.LC4:
  50 0048 5300     		.ascii	"S\000"
  51 004a 0000     		.align	2
  52              	.LC5:
  53 004c 436F6D6D 		.ascii	"Commands the servos to a position\000"
  53      616E6473 
  53      20746865 
  53      20736572 
  53      766F7320 
  54 006e 0000     		.align	2
  55              	.LC6:
  56 0070 4800     		.ascii	"H\000"
  57 0072 0000     		.align	2
  58              	.LC7:
  59 0074 436F6D6D 		.ascii	"Commands the H-Bridges\000"
  59      616E6473 
  59      20746865 
  59      20482D42 
  59      72696467 
  60 008b 00       		.align	2
  61              	.LC8:
  62 008c 4500     		.ascii	"E\000"
  63 008e 0000     		.align	2
  64              	.LC9:
  65 0090 456E6162 		.ascii	"Enables the H-Bridges\000"
  65      6C657320 
  65      74686520 
  65      482D4272 
  65      69646765 
  66 00a6 0000     		.align	2
  67              	.LC10:
  68 00a8 4400     		.ascii	"D\000"
  69 00aa 0000     		.align	2
  70              	.LC11:
  71 00ac 44697361 		.ascii	"Disables the H-Bridges\000"
  71      626C6573 
  71      20746865 
  71      20482D42 
  71      72696467 
  72              		.section	.data.MyTerminalCallbackRecords,"aw",%progbits
  73              		.align	2
  76              	MyTerminalCallbackRecords:
  77 0000 00000000 		.word	.LC0
  78 0004 00000000 		.word	TerminalCmd_Help
  79 0008 08000000 		.word	.LC1
  80 000c 24000000 		.word	.LC2
  81 0010 00000000 		.word	TerminalCmd_GetLineScan
  82 0014 28000000 		.word	.LC3
  83 0018 48000000 		.word	.LC4
  84 001c 00000000 		.word	TerminalCmd_S
  85 0020 4C000000 		.word	.LC5
  86 0024 70000000 		.word	.LC6
  87 0028 00000000 		.word	TerminalCmd_H
  88 002c 74000000 		.word	.LC7
  89 0030 8C000000 		.word	.LC8
  90 0034 00000000 		.word	TerminalCmd_E
  91 0038 90000000 		.word	.LC9
  92 003c A8000000 		.word	.LC10
  93 0040 00000000 		.word	TerminalCmd_D
  94 0044 AC000000 		.word	.LC11
  95              		.comm	TerminalLineBuf,64,4
  96              		.comm	TerminalPos,1,1
  97              		.comm	TerminalCmdBuf,33,4
  98              		.comm	TerminalArgs,32,4
  99              		.comm	NextCharIn,1,1
 100              		.comm	CmdFound,1,1
 101              		.section	.rodata
 102 00c3 00       		.align	2
 103              	.LC13:
 104 00c4 0D0A0D0A 		.ascii	"\015\012\015\012\000"
 104      00
 105 00c9 000000   		.align	2
 106              	.LC15:
 107 00cc 2A2A2A2A 		.ascii	"***********************************\015\012\000"
 107      2A2A2A2A 
 107      2A2A2A2A 
 107      2A2A2A2A 
 107      2A2A2A2A 
 108 00f2 0000     		.align	2
 109              	.LC17:
 110 00f4 4652444D 		.ascii	"FRDM-TFC\011\011           \015\012\000"
 110      2D544643 
 110      09092020 
 110      20202020 
 110      20202020 
 111              		.align	2
 112              	.LC19:
 113 010c 436F7079 		.ascii	"Copyright (C) <2013>  Eli Hughes\015\012\000"
 113      72696768 
 113      74202843 
 113      29203C32 
 113      3031333E 
 114 012f 00       		.align	2
 115              	.LC21:
 116 0130 57617665 		.ascii	"Wavenumber LLC\015\012\000"
 116      6E756D62 
 116      6572204C 
 116      4C430D0A 
 116      00
 117 0141 000000   		.align	2
 118              	.LC23:
 119 0144 2A2A2A2A 		.ascii	"***********************************\015\012\015\012"
 119      2A2A2A2A 
 119      2A2A2A2A 
 119      2A2A2A2A 
 119      2A2A2A2A 
 120 016b 3E00     		.ascii	">\000"
 121              		.section	.text.TerminalBootMsg,"ax",%progbits
 122              		.align	2
 123              		.global	TerminalBootMsg
 124              		.code	16
 125              		.thumb_func
 127              	TerminalBootMsg:
 128              	.LFB0:
 129              		.file 1 "../Sources/TFC/TFC_Terminal.c"
   1:../Sources/TFC/TFC_Terminal.c **** #include "TFC\TFC.h"
   2:../Sources/TFC/TFC_Terminal.c **** 
   3:../Sources/TFC/TFC_Terminal.c **** 
   4:../Sources/TFC/TFC_Terminal.c **** //*****************************************************************
   5:../Sources/TFC/TFC_Terminal.c **** //Terminal Configuration
   6:../Sources/TFC/TFC_Terminal.c **** //*****************************************************************
   7:../Sources/TFC/TFC_Terminal.c **** 
   8:../Sources/TFC/TFC_Terminal.c **** #define MAX_TERMINAL_LINE_CHARS 64
   9:../Sources/TFC/TFC_Terminal.c **** #define MAX_TERMINAL_CMD_CHARS  32
  10:../Sources/TFC/TFC_Terminal.c **** 
  11:../Sources/TFC/TFC_Terminal.c **** 
  12:../Sources/TFC/TFC_Terminal.c **** typedef void (*TerminalCallback)(char *);
  13:../Sources/TFC/TFC_Terminal.c **** 
  14:../Sources/TFC/TFC_Terminal.c **** 
  15:../Sources/TFC/TFC_Terminal.c **** typedef struct 
  16:../Sources/TFC/TFC_Terminal.c **** {
  17:../Sources/TFC/TFC_Terminal.c **** 	const char *CommandString;
  18:../Sources/TFC/TFC_Terminal.c **** 	TerminalCallback Callback;
  19:../Sources/TFC/TFC_Terminal.c **** 	const char *HelpString;
  20:../Sources/TFC/TFC_Terminal.c **** 		
  21:../Sources/TFC/TFC_Terminal.c **** } TerminalCallbackRecord;
  22:../Sources/TFC/TFC_Terminal.c **** 
  23:../Sources/TFC/TFC_Terminal.c **** //Callback function prototypes
  24:../Sources/TFC/TFC_Terminal.c **** void TerminalCmd_Help(char *arg);
  25:../Sources/TFC/TFC_Terminal.c **** void TerminalCmd_Reboot(char *arg);
  26:../Sources/TFC/TFC_Terminal.c **** void TerminalCmd_GetLineScan(char *arg);
  27:../Sources/TFC/TFC_Terminal.c **** void TerminalCmd_S(char *arg);
  28:../Sources/TFC/TFC_Terminal.c **** void TerminalCmd_H(char *arg);
  29:../Sources/TFC/TFC_Terminal.c **** void TerminalCmd_E(char *arg);
  30:../Sources/TFC/TFC_Terminal.c **** void TerminalCmd_D(char *arg);
  31:../Sources/TFC/TFC_Terminal.c **** //Populate this array with the callback functions and their terminal command string
  32:../Sources/TFC/TFC_Terminal.c **** TerminalCallbackRecord MyTerminalCallbackRecords[] ={	{"help",TerminalCmd_Help,"Lists available com
  33:../Sources/TFC/TFC_Terminal.c ****                                                         {"L",TerminalCmd_GetLineScan,"Displays line
  34:../Sources/TFC/TFC_Terminal.c ****                                                         {"S",TerminalCmd_S,"Commands the servos to 
  35:../Sources/TFC/TFC_Terminal.c ****                                                         {"H", TerminalCmd_H,"Commands the H-Bridges
  36:../Sources/TFC/TFC_Terminal.c **** 														{"E",TerminalCmd_E, "Enables the H-Bridges"},
  37:../Sources/TFC/TFC_Terminal.c **** 														{"D",TerminalCmd_D, "Disables the H-Bridges"},
  38:../Sources/TFC/TFC_Terminal.c ****                                                         };
  39:../Sources/TFC/TFC_Terminal.c **** 
  40:../Sources/TFC/TFC_Terminal.c **** //*****************************************************************
  41:../Sources/TFC/TFC_Terminal.c **** //Plumbing.....
  42:../Sources/TFC/TFC_Terminal.c **** //*****************************************************************
  43:../Sources/TFC/TFC_Terminal.c **** 
  44:../Sources/TFC/TFC_Terminal.c **** #define NUM_TERMINAL_COMMANDS  (sizeof(MyTerminalCallbackRecords)/sizeof(TerminalCallbackRecord))
  45:../Sources/TFC/TFC_Terminal.c **** 
  46:../Sources/TFC/TFC_Terminal.c **** char TerminalLineBuf[MAX_TERMINAL_LINE_CHARS];
  47:../Sources/TFC/TFC_Terminal.c **** uint8_t TerminalPos;
  48:../Sources/TFC/TFC_Terminal.c **** char TerminalCmdBuf[MAX_TERMINAL_CMD_CHARS+1];
  49:../Sources/TFC/TFC_Terminal.c **** char TerminalArgs[MAX_TERMINAL_LINE_CHARS-MAX_TERMINAL_CMD_CHARS];
  50:../Sources/TFC/TFC_Terminal.c **** uint8_t NextCharIn;
  51:../Sources/TFC/TFC_Terminal.c **** uint8_t CmdFound;
  52:../Sources/TFC/TFC_Terminal.c ****  
  53:../Sources/TFC/TFC_Terminal.c **** void TerminalBootMsg()
  54:../Sources/TFC/TFC_Terminal.c **** {
 130              		.loc 1 54 0
 131              		.cfi_startproc
 132 0000 80B5     		push	{r7, lr}
 133              	.LCFI0:
 134              		.cfi_def_cfa_offset 8
 135              		.cfi_offset 7, -8
 136              		.cfi_offset 14, -4
 137 0002 00AF     		add	r7, sp, #0
 138              	.LCFI1:
 139              		.cfi_def_cfa_register 7
  55:../Sources/TFC/TFC_Terminal.c **** 
  56:../Sources/TFC/TFC_Terminal.c **** TERMINAL_PRINTF("\r\n\r\n"); 
 140              		.loc 1 56 0
 141 0004 124A     		ldr	r2, .L2
 142 0006 134B     		ldr	r3, .L2+4
 143 0008 101C     		mov	r0, r2
 144 000a 191C     		mov	r1, r3
 145 000c FFF7FEFF 		bl	Qprintf
  57:../Sources/TFC/TFC_Terminal.c **** TERMINAL_PRINTF("***********************************\r\n"); 
 146              		.loc 1 57 0
 147 0010 0F4A     		ldr	r2, .L2
 148 0012 114B     		ldr	r3, .L2+8
 149 0014 101C     		mov	r0, r2
 150 0016 191C     		mov	r1, r3
 151 0018 FFF7FEFF 		bl	Qprintf
  58:../Sources/TFC/TFC_Terminal.c **** TERMINAL_PRINTF("FRDM-TFC		           \r\n");
 152              		.loc 1 58 0
 153 001c 0C4A     		ldr	r2, .L2
 154 001e 0F4B     		ldr	r3, .L2+12
 155 0020 101C     		mov	r0, r2
 156 0022 191C     		mov	r1, r3
 157 0024 FFF7FEFF 		bl	Qprintf
  59:../Sources/TFC/TFC_Terminal.c **** TERMINAL_PRINTF("Copyright (C) <2013>  Eli Hughes\r\n");
 158              		.loc 1 59 0
 159 0028 094A     		ldr	r2, .L2
 160 002a 0D4B     		ldr	r3, .L2+16
 161 002c 101C     		mov	r0, r2
 162 002e 191C     		mov	r1, r3
 163 0030 FFF7FEFF 		bl	Qprintf
  60:../Sources/TFC/TFC_Terminal.c **** TERMINAL_PRINTF("Wavenumber LLC\r\n"); 
 164              		.loc 1 60 0
 165 0034 064A     		ldr	r2, .L2
 166 0036 0B4B     		ldr	r3, .L2+20
 167 0038 101C     		mov	r0, r2
 168 003a 191C     		mov	r1, r3
 169 003c FFF7FEFF 		bl	Qprintf
  61:../Sources/TFC/TFC_Terminal.c **** TERMINAL_PRINTF("***********************************\r\n\r\n>"); 
 170              		.loc 1 61 0
 171 0040 034A     		ldr	r2, .L2
 172 0042 094B     		ldr	r3, .L2+24
 173 0044 101C     		mov	r0, r2
 174 0046 191C     		mov	r1, r3
 175 0048 FFF7FEFF 		bl	Qprintf
  62:../Sources/TFC/TFC_Terminal.c **** 
  63:../Sources/TFC/TFC_Terminal.c **** }
 176              		.loc 1 63 0
 177 004c BD46     		mov	sp, r7
 178              		@ sp needed for prologue
 179 004e 80BD     		pop	{r7, pc}
 180              	.L3:
 181              		.align	2
 182              	.L2:
 183 0050 00000000 		.word	SDA_SERIAL_OUTGOING_QUEUE
 184 0054 C4000000 		.word	.LC13
 185 0058 CC000000 		.word	.LC15
 186 005c F4000000 		.word	.LC17
 187 0060 0C010000 		.word	.LC19
 188 0064 30010000 		.word	.LC21
 189 0068 44010000 		.word	.LC23
 190              		.cfi_endproc
 191              	.LFE0:
 193              		.section	.text.TFC_InitTerminal,"ax",%progbits
 194              		.align	2
 195              		.global	TFC_InitTerminal
 196              		.code	16
 197              		.thumb_func
 199              	TFC_InitTerminal:
 200              	.LFB1:
  64:../Sources/TFC/TFC_Terminal.c **** 
  65:../Sources/TFC/TFC_Terminal.c **** void TFC_InitTerminal()
  66:../Sources/TFC/TFC_Terminal.c **** {
 201              		.loc 1 66 0
 202              		.cfi_startproc
 203 0000 80B5     		push	{r7, lr}
 204              	.LCFI2:
 205              		.cfi_def_cfa_offset 8
 206              		.cfi_offset 7, -8
 207              		.cfi_offset 14, -4
 208 0002 00AF     		add	r7, sp, #0
 209              	.LCFI3:
 210              		.cfi_def_cfa_register 7
  67:../Sources/TFC/TFC_Terminal.c **** 	TerminalPos = 0;
 211              		.loc 1 67 0
 212 0004 044B     		ldr	r3, .L5
 213 0006 0022     		mov	r2, #0
 214 0008 1A70     		strb	r2, [r3]
  68:../Sources/TFC/TFC_Terminal.c **** 	CmdFound = 0;
 215              		.loc 1 68 0
 216 000a 044B     		ldr	r3, .L5+4
 217 000c 0022     		mov	r2, #0
 218 000e 1A70     		strb	r2, [r3]
  69:../Sources/TFC/TFC_Terminal.c ****     TerminalBootMsg();
 219              		.loc 1 69 0
 220 0010 FFF7FEFF 		bl	TerminalBootMsg
  70:../Sources/TFC/TFC_Terminal.c **** }
 221              		.loc 1 70 0
 222 0014 BD46     		mov	sp, r7
 223              		@ sp needed for prologue
 224 0016 80BD     		pop	{r7, pc}
 225              	.L6:
 226              		.align	2
 227              	.L5:
 228 0018 00000000 		.word	TerminalPos
 229 001c 00000000 		.word	CmdFound
 230              		.cfi_endproc
 231              	.LFE1:
 233              		.section	.rodata
 234 016d 000000   		.align	2
 235              	.LC28:
 236 0170 0D0A0D0A 		.ascii	"\015\012\015\012Command List:\015\012\000"
 236      436F6D6D 
 236      616E6420 
 236      4C697374 
 236      3A0D0A00 
 237              		.align	2
 238              	.LC30:
 239 0184 2D2D2D2D 		.ascii	"----------------------\015\012\000"
 239      2D2D2D2D 
 239      2D2D2D2D 
 239      2D2D2D2D 
 239      2D2D2D2D 
 240 019d 000000   		.align	2
 241              	.LC33:
 242 01a0 25732020 		.ascii	"%s  ---->  %s\015\012\000"
 242      2D2D2D2D 
 242      3E202025 
 242      730D0A00 
 243              		.section	.text.TerminalCmd_Help,"ax",%progbits
 244              		.align	2
 245              		.global	TerminalCmd_Help
 246              		.code	16
 247              		.thumb_func
 249              	TerminalCmd_Help:
 250              	.LFB2:
  71:../Sources/TFC/TFC_Terminal.c **** 
  72:../Sources/TFC/TFC_Terminal.c **** void TerminalCmd_Help(char *arg)
  73:../Sources/TFC/TFC_Terminal.c **** {
 251              		.loc 1 73 0
 252              		.cfi_startproc
 253 0000 90B5     		push	{r4, r7, lr}
 254              	.LCFI4:
 255              		.cfi_def_cfa_offset 12
 256              		.cfi_offset 4, -12
 257              		.cfi_offset 7, -8
 258              		.cfi_offset 14, -4
 259 0002 85B0     		sub	sp, sp, #20
 260              	.LCFI5:
 261              		.cfi_def_cfa_offset 32
 262 0004 00AF     		add	r7, sp, #0
 263              	.LCFI6:
 264              		.cfi_def_cfa_register 7
 265 0006 7860     		str	r0, [r7, #4]
  74:../Sources/TFC/TFC_Terminal.c ****     uint8_t i;
  75:../Sources/TFC/TFC_Terminal.c **** 
  76:../Sources/TFC/TFC_Terminal.c ****     TERMINAL_PRINTF("\r\n\r\nCommand List:\r\n");
 266              		.loc 1 76 0
 267 0008 204A     		ldr	r2, .L10
 268 000a 214B     		ldr	r3, .L10+4
 269 000c 101C     		mov	r0, r2
 270 000e 191C     		mov	r1, r3
 271 0010 FFF7FEFF 		bl	Qprintf
  77:../Sources/TFC/TFC_Terminal.c ****     TERMINAL_PRINTF("----------------------\r\n");
 272              		.loc 1 77 0
 273 0014 1D4A     		ldr	r2, .L10
 274 0016 1F4B     		ldr	r3, .L10+8
 275 0018 101C     		mov	r0, r2
 276 001a 191C     		mov	r1, r3
 277 001c FFF7FEFF 		bl	Qprintf
  78:../Sources/TFC/TFC_Terminal.c **** 
  79:../Sources/TFC/TFC_Terminal.c ****     for(i=0;i<NUM_TERMINAL_COMMANDS;i++)
 278              		.loc 1 79 0
 279 0020 3B1C     		mov	r3, r7
 280 0022 0F33     		add	r3, r3, #15
 281 0024 0022     		mov	r2, #0
 282 0026 1A70     		strb	r2, [r3]
 283 0028 21E0     		b	.L8
 284              	.L9:
  80:../Sources/TFC/TFC_Terminal.c ****     {
  81:../Sources/TFC/TFC_Terminal.c ****          TERMINAL_PRINTF("%s  ---->  %s\r\n",MyTerminalCallbackRecords[i].CommandString,MyTerminalC
 285              		.loc 1 81 0
 286 002a 3B1C     		mov	r3, r7
 287 002c 0F33     		add	r3, r3, #15
 288 002e 1A78     		ldrb	r2, [r3]
 289 0030 1949     		ldr	r1, .L10+12
 290 0032 131C     		mov	r3, r2
 291 0034 5B00     		lsl	r3, r3, #1
 292 0036 9B18     		add	r3, r3, r2
 293 0038 9B00     		lsl	r3, r3, #2
 294 003a 5C58     		ldr	r4, [r3, r1]
 295 003c 3B1C     		mov	r3, r7
 296 003e 0F33     		add	r3, r3, #15
 297 0040 1A78     		ldrb	r2, [r3]
 298 0042 1549     		ldr	r1, .L10+12
 299 0044 131C     		mov	r3, r2
 300 0046 5B00     		lsl	r3, r3, #1
 301 0048 9B18     		add	r3, r3, r2
 302 004a 9B00     		lsl	r3, r3, #2
 303 004c CB18     		add	r3, r1, r3
 304 004e 0833     		add	r3, r3, #8
 305 0050 1B68     		ldr	r3, [r3]
 306 0052 0E49     		ldr	r1, .L10
 307 0054 114A     		ldr	r2, .L10+16
 308 0056 081C     		mov	r0, r1
 309 0058 111C     		mov	r1, r2
 310 005a 221C     		mov	r2, r4
 311 005c FFF7FEFF 		bl	Qprintf
  79:../Sources/TFC/TFC_Terminal.c ****     for(i=0;i<NUM_TERMINAL_COMMANDS;i++)
 312              		.loc 1 79 0
 313 0060 3B1C     		mov	r3, r7
 314 0062 0F33     		add	r3, r3, #15
 315 0064 3A1C     		mov	r2, r7
 316 0066 0F32     		add	r2, r2, #15
 317 0068 1278     		ldrb	r2, [r2]
 318 006a 0132     		add	r2, r2, #1
 319 006c 1A70     		strb	r2, [r3]
 320              	.L8:
  79:../Sources/TFC/TFC_Terminal.c ****     for(i=0;i<NUM_TERMINAL_COMMANDS;i++)
 321              		.loc 1 79 0 is_stmt 0
 322 006e 3B1C     		mov	r3, r7
 323 0070 0F33     		add	r3, r3, #15
 324 0072 1B78     		ldrb	r3, [r3]
 325 0074 052B     		cmp	r3, #5
 326 0076 D8D9     		bls	.L9
  82:../Sources/TFC/TFC_Terminal.c ****     }
  83:../Sources/TFC/TFC_Terminal.c **** 
  84:../Sources/TFC/TFC_Terminal.c ****     TERMINAL_PRINTF("\r\n\r\n");
 327              		.loc 1 84 0 is_stmt 1
 328 0078 044A     		ldr	r2, .L10
 329 007a 094B     		ldr	r3, .L10+20
 330 007c 101C     		mov	r0, r2
 331 007e 191C     		mov	r1, r3
 332 0080 FFF7FEFF 		bl	Qprintf
  85:../Sources/TFC/TFC_Terminal.c **** }
 333              		.loc 1 85 0
 334 0084 BD46     		mov	sp, r7
 335 0086 05B0     		add	sp, sp, #20
 336              		@ sp needed for prologue
 337 0088 90BD     		pop	{r4, r7, pc}
 338              	.L11:
 339 008a C046     		.align	2
 340              	.L10:
 341 008c 00000000 		.word	SDA_SERIAL_OUTGOING_QUEUE
 342 0090 70010000 		.word	.LC28
 343 0094 84010000 		.word	.LC30
 344 0098 00000000 		.word	MyTerminalCallbackRecords
 345 009c A0010000 		.word	.LC33
 346 00a0 C4000000 		.word	.LC13
 347              		.cfi_endproc
 348              	.LFE2:
 350              		.section	.text.TerminalCmd_Reboot,"ax",%progbits
 351              		.align	2
 352              		.global	TerminalCmd_Reboot
 353              		.code	16
 354              		.thumb_func
 356              	TerminalCmd_Reboot:
 357              	.LFB3:
  86:../Sources/TFC/TFC_Terminal.c **** 
  87:../Sources/TFC/TFC_Terminal.c **** void TerminalCmd_Reboot(char *arg)
  88:../Sources/TFC/TFC_Terminal.c **** {
 358              		.loc 1 88 0
 359              		.cfi_startproc
 360 0000 80B5     		push	{r7, lr}
 361              	.LCFI7:
 362              		.cfi_def_cfa_offset 8
 363              		.cfi_offset 7, -8
 364              		.cfi_offset 14, -4
 365 0002 82B0     		sub	sp, sp, #8
 366              	.LCFI8:
 367              		.cfi_def_cfa_offset 16
 368 0004 00AF     		add	r7, sp, #0
 369              	.LCFI9:
 370              		.cfi_def_cfa_register 7
 371 0006 7860     		str	r0, [r7, #4]
  89:../Sources/TFC/TFC_Terminal.c ****       TerminalBootMsg();
 372              		.loc 1 89 0
 373 0008 FFF7FEFF 		bl	TerminalBootMsg
  90:../Sources/TFC/TFC_Terminal.c **** }
 374              		.loc 1 90 0
 375 000c BD46     		mov	sp, r7
 376 000e 02B0     		add	sp, sp, #8
 377              		@ sp needed for prologue
 378 0010 80BD     		pop	{r7, pc}
 379              		.cfi_endproc
 380              	.LFE3:
 382 0012 C046     		.section	.rodata
 383              		.align	2
 384              	.LC37:
 385 01b0 090D0A45 		.ascii	"\011\015\012Enabling H-Bridges\015\012\000"
 385      6E61626C 
 385      696E6720 
 385      482D4272 
 385      69646765 
 386              		.section	.text.TerminalCmd_E,"ax",%progbits
 387              		.align	2
 388              		.global	TerminalCmd_E
 389              		.code	16
 390              		.thumb_func
 392              	TerminalCmd_E:
 393              	.LFB4:
  91:../Sources/TFC/TFC_Terminal.c **** 
  92:../Sources/TFC/TFC_Terminal.c **** 
  93:../Sources/TFC/TFC_Terminal.c **** 
  94:../Sources/TFC/TFC_Terminal.c **** void TerminalCmd_E(char *arg)
  95:../Sources/TFC/TFC_Terminal.c **** {
 394              		.loc 1 95 0
 395              		.cfi_startproc
 396 0000 80B5     		push	{r7, lr}
 397              	.LCFI10:
 398              		.cfi_def_cfa_offset 8
 399              		.cfi_offset 7, -8
 400              		.cfi_offset 14, -4
 401 0002 82B0     		sub	sp, sp, #8
 402              	.LCFI11:
 403              		.cfi_def_cfa_offset 16
 404 0004 00AF     		add	r7, sp, #0
 405              	.LCFI12:
 406              		.cfi_def_cfa_register 7
 407 0006 7860     		str	r0, [r7, #4]
  96:../Sources/TFC/TFC_Terminal.c **** 	 TERMINAL_PRINTF("\t\r\nEnabling H-Bridges\r\n");
 408              		.loc 1 96 0
 409 0008 064A     		ldr	r2, .L14
 410 000a 074B     		ldr	r3, .L14+4
 411 000c 101C     		mov	r0, r2
 412 000e 191C     		mov	r1, r3
 413 0010 FFF7FEFF 		bl	Qprintf
  97:../Sources/TFC/TFC_Terminal.c **** 	 TFC_HBRIDGE_ENABLE;
 414              		.loc 1 97 0
 415 0014 054B     		ldr	r3, .L14+8
 416 0016 8022     		mov	r2, #128
 417 0018 9203     		lsl	r2, r2, #14
 418 001a 5A60     		str	r2, [r3, #4]
  98:../Sources/TFC/TFC_Terminal.c **** }
 419              		.loc 1 98 0
 420 001c BD46     		mov	sp, r7
 421 001e 02B0     		add	sp, sp, #8
 422              		@ sp needed for prologue
 423 0020 80BD     		pop	{r7, pc}
 424              	.L15:
 425 0022 C046     		.align	2
 426              	.L14:
 427 0024 00000000 		.word	SDA_SERIAL_OUTGOING_QUEUE
 428 0028 B0010000 		.word	.LC37
 429 002c 00F10F40 		.word	1074786560
 430              		.cfi_endproc
 431              	.LFE4:
 433              		.section	.rodata
 434              		.align	2
 435              	.LC40:
 436 01c8 090D0A44 		.ascii	"\011\015\012Disabling H-Bridges\015\012\000"
 436      69736162 
 436      6C696E67 
 436      20482D42 
 436      72696467 
 437              		.section	.text.TerminalCmd_D,"ax",%progbits
 438              		.align	2
 439              		.global	TerminalCmd_D
 440              		.code	16
 441              		.thumb_func
 443              	TerminalCmd_D:
 444              	.LFB5:
  99:../Sources/TFC/TFC_Terminal.c **** 
 100:../Sources/TFC/TFC_Terminal.c **** void TerminalCmd_D(char *arg)
 101:../Sources/TFC/TFC_Terminal.c **** {
 445              		.loc 1 101 0
 446              		.cfi_startproc
 447 0000 80B5     		push	{r7, lr}
 448              	.LCFI13:
 449              		.cfi_def_cfa_offset 8
 450              		.cfi_offset 7, -8
 451              		.cfi_offset 14, -4
 452 0002 82B0     		sub	sp, sp, #8
 453              	.LCFI14:
 454              		.cfi_def_cfa_offset 16
 455 0004 00AF     		add	r7, sp, #0
 456              	.LCFI15:
 457              		.cfi_def_cfa_register 7
 458 0006 7860     		str	r0, [r7, #4]
 102:../Sources/TFC/TFC_Terminal.c **** 	 TERMINAL_PRINTF("\t\r\nDisabling H-Bridges\r\n");
 459              		.loc 1 102 0
 460 0008 094A     		ldr	r2, .L17
 461 000a 0A4B     		ldr	r3, .L17+4
 462 000c 101C     		mov	r0, r2
 463 000e 191C     		mov	r1, r3
 464 0010 FFF7FEFF 		bl	Qprintf
 103:../Sources/TFC/TFC_Terminal.c **** 	 TFC_HBRIDGE_DISABLE;
 465              		.loc 1 103 0
 466 0014 084B     		ldr	r3, .L17+8
 467 0016 8022     		mov	r2, #128
 468 0018 9203     		lsl	r2, r2, #14
 469 001a 9A60     		str	r2, [r3, #8]
 104:../Sources/TFC/TFC_Terminal.c **** 	 TFC_SetMotorPWM(0,0);
 470              		.loc 1 104 0
 471 001c 0022     		mov	r2, #0
 472 001e 0023     		mov	r3, #0
 473 0020 101C     		add	r0, r2, #0
 474 0022 191C     		add	r1, r3, #0
 475 0024 FFF7FEFF 		bl	TFC_SetMotorPWM
 105:../Sources/TFC/TFC_Terminal.c **** }
 476              		.loc 1 105 0
 477 0028 BD46     		mov	sp, r7
 478 002a 02B0     		add	sp, sp, #8
 479              		@ sp needed for prologue
 480 002c 80BD     		pop	{r7, pc}
 481              	.L18:
 482 002e C046     		.align	2
 483              	.L17:
 484 0030 00000000 		.word	SDA_SERIAL_OUTGOING_QUEUE
 485 0034 C8010000 		.word	.LC40
 486 0038 00F10F40 		.word	1074786560
 487              		.cfi_endproc
 488              	.LFE5:
 490              		.section	.rodata
 491 01e1 000000   		.align	2
 492              	.LC43:
 493 01e4 0D0A4C49 		.ascii	"\015\012LINE 0:\000"
 493      4E452030 
 493      3A00
 494 01ee 0000     		.align	2
 495              	.LC46:
 496 01f0 25325800 		.ascii	"%2X\000"
 497              		.align	2
 498              	.LC48:
 499 01f4 2C00     		.ascii	",\000"
 500 01f6 0000     		.align	2
 501              	.LC51:
 502 01f8 0D0A4C49 		.ascii	"\015\012LINE 1:\000"
 502      4E452031 
 502      3A00
 503              		.section	.text.TerminalCmd_GetLineScan,"ax",%progbits
 504              		.align	2
 505              		.global	TerminalCmd_GetLineScan
 506              		.code	16
 507              		.thumb_func
 509              	TerminalCmd_GetLineScan:
 510              	.LFB6:
 106:../Sources/TFC/TFC_Terminal.c **** 
 107:../Sources/TFC/TFC_Terminal.c **** void TerminalCmd_GetLineScan(char *arg)
 108:../Sources/TFC/TFC_Terminal.c **** {
 511              		.loc 1 108 0
 512              		.cfi_startproc
 513 0000 80B5     		push	{r7, lr}
 514              	.LCFI16:
 515              		.cfi_def_cfa_offset 8
 516              		.cfi_offset 7, -8
 517              		.cfi_offset 14, -4
 518 0002 84B0     		sub	sp, sp, #16
 519              	.LCFI17:
 520              		.cfi_def_cfa_offset 24
 521 0004 00AF     		add	r7, sp, #0
 522              	.LCFI18:
 523              		.cfi_def_cfa_register 7
 524 0006 7860     		str	r0, [r7, #4]
 109:../Sources/TFC/TFC_Terminal.c **** 	uint8_t i;
 110:../Sources/TFC/TFC_Terminal.c **** 	
 111:../Sources/TFC/TFC_Terminal.c **** 	TERMINAL_PRINTF("\r\nLINE 0:");
 525              		.loc 1 111 0
 526 0008 3B4A     		ldr	r2, .L28
 527 000a 3C4B     		ldr	r3, .L28+4
 528 000c 101C     		mov	r0, r2
 529 000e 191C     		mov	r1, r3
 530 0010 FFF7FEFF 		bl	Qprintf
 112:../Sources/TFC/TFC_Terminal.c **** 	
 113:../Sources/TFC/TFC_Terminal.c **** 	for(i=0;i<128;i++)
 531              		.loc 1 113 0
 532 0014 3B1C     		mov	r3, r7
 533 0016 0F33     		add	r3, r3, #15
 534 0018 0022     		mov	r2, #0
 535 001a 1A70     		strb	r2, [r3]
 536 001c 28E0     		b	.L20
 537              	.L23:
 114:../Sources/TFC/TFC_Terminal.c **** 	{
 115:../Sources/TFC/TFC_Terminal.c **** 		
 116:../Sources/TFC/TFC_Terminal.c **** 		TERMINAL_PRINTF("%2X",LineScanImage0[i]);
 538              		.loc 1 116 0
 539 001e 384B     		ldr	r3, .L28+8
 540 0020 1A68     		ldr	r2, [r3]
 541 0022 3B1C     		mov	r3, r7
 542 0024 0F33     		add	r3, r3, #15
 543 0026 1B78     		ldrb	r3, [r3]
 544 0028 5B00     		lsl	r3, r3, #1
 545 002a D318     		add	r3, r2, r3
 546 002c 1B88     		ldrh	r3, [r3]
 547 002e 9BB2     		uxth	r3, r3
 548 0030 3149     		ldr	r1, .L28
 549 0032 344A     		ldr	r2, .L28+12
 550 0034 081C     		mov	r0, r1
 551 0036 111C     		mov	r1, r2
 552 0038 1A1C     		mov	r2, r3
 553 003a FFF7FEFF 		bl	Qprintf
 117:../Sources/TFC/TFC_Terminal.c **** 		
 118:../Sources/TFC/TFC_Terminal.c **** 		if(i<127)
 554              		.loc 1 118 0
 555 003e 3B1C     		mov	r3, r7
 556 0040 0F33     		add	r3, r3, #15
 557 0042 1B78     		ldrb	r3, [r3]
 558 0044 7E2B     		cmp	r3, #126
 559 0046 06D8     		bhi	.L21
 119:../Sources/TFC/TFC_Terminal.c **** 			TERMINAL_PRINTF(",");
 560              		.loc 1 119 0
 561 0048 2B4A     		ldr	r2, .L28
 562 004a 2F4B     		ldr	r3, .L28+16
 563 004c 101C     		mov	r0, r2
 564 004e 191C     		mov	r1, r3
 565 0050 FFF7FEFF 		bl	Qprintf
 566 0054 05E0     		b	.L22
 567              	.L21:
 120:../Sources/TFC/TFC_Terminal.c **** 		else
 121:../Sources/TFC/TFC_Terminal.c **** 			TERMINAL_PRINTF("\r\n\r\n");
 568              		.loc 1 121 0
 569 0056 284A     		ldr	r2, .L28
 570 0058 2C4B     		ldr	r3, .L28+20
 571 005a 101C     		mov	r0, r2
 572 005c 191C     		mov	r1, r3
 573 005e FFF7FEFF 		bl	Qprintf
 574              	.L22:
 113:../Sources/TFC/TFC_Terminal.c **** 	for(i=0;i<128;i++)
 575              		.loc 1 113 0
 576 0062 3B1C     		mov	r3, r7
 577 0064 0F33     		add	r3, r3, #15
 578 0066 3A1C     		mov	r2, r7
 579 0068 0F32     		add	r2, r2, #15
 580 006a 1278     		ldrb	r2, [r2]
 581 006c 0132     		add	r2, r2, #1
 582 006e 1A70     		strb	r2, [r3]
 583              	.L20:
 113:../Sources/TFC/TFC_Terminal.c **** 	for(i=0;i<128;i++)
 584              		.loc 1 113 0 is_stmt 0
 585 0070 3B1C     		mov	r3, r7
 586 0072 0F33     		add	r3, r3, #15
 587 0074 1B78     		ldrb	r3, [r3]
 588 0076 5BB2     		sxtb	r3, r3
 589 0078 002B     		cmp	r3, #0
 590 007a D0DA     		bge	.L23
 122:../Sources/TFC/TFC_Terminal.c **** 	}
 123:../Sources/TFC/TFC_Terminal.c **** 	TERMINAL_PRINTF("\r\nLINE 1:");
 591              		.loc 1 123 0 is_stmt 1
 592 007c 1E4A     		ldr	r2, .L28
 593 007e 244B     		ldr	r3, .L28+24
 594 0080 101C     		mov	r0, r2
 595 0082 191C     		mov	r1, r3
 596 0084 FFF7FEFF 		bl	Qprintf
 124:../Sources/TFC/TFC_Terminal.c **** 	for(i=0;i<128;i++)
 597              		.loc 1 124 0
 598 0088 3B1C     		mov	r3, r7
 599 008a 0F33     		add	r3, r3, #15
 600 008c 0022     		mov	r2, #0
 601 008e 1A70     		strb	r2, [r3]
 602 0090 28E0     		b	.L24
 603              	.L27:
 125:../Sources/TFC/TFC_Terminal.c **** 	{
 126:../Sources/TFC/TFC_Terminal.c **** 		TERMINAL_PRINTF("%2X",LineScanImage1[i]);
 604              		.loc 1 126 0
 605 0092 204B     		ldr	r3, .L28+28
 606 0094 1A68     		ldr	r2, [r3]
 607 0096 3B1C     		mov	r3, r7
 608 0098 0F33     		add	r3, r3, #15
 609 009a 1B78     		ldrb	r3, [r3]
 610 009c 5B00     		lsl	r3, r3, #1
 611 009e D318     		add	r3, r2, r3
 612 00a0 1B88     		ldrh	r3, [r3]
 613 00a2 9BB2     		uxth	r3, r3
 614 00a4 1449     		ldr	r1, .L28
 615 00a6 174A     		ldr	r2, .L28+12
 616 00a8 081C     		mov	r0, r1
 617 00aa 111C     		mov	r1, r2
 618 00ac 1A1C     		mov	r2, r3
 619 00ae FFF7FEFF 		bl	Qprintf
 127:../Sources/TFC/TFC_Terminal.c **** 		if(i<127)
 620              		.loc 1 127 0
 621 00b2 3B1C     		mov	r3, r7
 622 00b4 0F33     		add	r3, r3, #15
 623 00b6 1B78     		ldrb	r3, [r3]
 624 00b8 7E2B     		cmp	r3, #126
 625 00ba 06D8     		bhi	.L25
 128:../Sources/TFC/TFC_Terminal.c **** 					TERMINAL_PRINTF(",");
 626              		.loc 1 128 0
 627 00bc 0E4A     		ldr	r2, .L28
 628 00be 124B     		ldr	r3, .L28+16
 629 00c0 101C     		mov	r0, r2
 630 00c2 191C     		mov	r1, r3
 631 00c4 FFF7FEFF 		bl	Qprintf
 632 00c8 05E0     		b	.L26
 633              	.L25:
 129:../Sources/TFC/TFC_Terminal.c **** 				else
 130:../Sources/TFC/TFC_Terminal.c **** 					TERMINAL_PRINTF("\r\n\r\n");
 634              		.loc 1 130 0
 635 00ca 0B4A     		ldr	r2, .L28
 636 00cc 0F4B     		ldr	r3, .L28+20
 637 00ce 101C     		mov	r0, r2
 638 00d0 191C     		mov	r1, r3
 639 00d2 FFF7FEFF 		bl	Qprintf
 640              	.L26:
 124:../Sources/TFC/TFC_Terminal.c **** 	for(i=0;i<128;i++)
 641              		.loc 1 124 0
 642 00d6 3B1C     		mov	r3, r7
 643 00d8 0F33     		add	r3, r3, #15
 644 00da 3A1C     		mov	r2, r7
 645 00dc 0F32     		add	r2, r2, #15
 646 00de 1278     		ldrb	r2, [r2]
 647 00e0 0132     		add	r2, r2, #1
 648 00e2 1A70     		strb	r2, [r3]
 649              	.L24:
 124:../Sources/TFC/TFC_Terminal.c **** 	for(i=0;i<128;i++)
 650              		.loc 1 124 0 is_stmt 0
 651 00e4 3B1C     		mov	r3, r7
 652 00e6 0F33     		add	r3, r3, #15
 653 00e8 1B78     		ldrb	r3, [r3]
 654 00ea 5BB2     		sxtb	r3, r3
 655 00ec 002B     		cmp	r3, #0
 656 00ee D0DA     		bge	.L27
 131:../Sources/TFC/TFC_Terminal.c **** 	}
 132:../Sources/TFC/TFC_Terminal.c **** 
 133:../Sources/TFC/TFC_Terminal.c **** }
 657              		.loc 1 133 0 is_stmt 1
 658 00f0 BD46     		mov	sp, r7
 659 00f2 04B0     		add	sp, sp, #16
 660              		@ sp needed for prologue
 661 00f4 80BD     		pop	{r7, pc}
 662              	.L29:
 663 00f6 C046     		.align	2
 664              	.L28:
 665 00f8 00000000 		.word	SDA_SERIAL_OUTGOING_QUEUE
 666 00fc E4010000 		.word	.LC43
 667 0100 00000000 		.word	LineScanImage0
 668 0104 F0010000 		.word	.LC46
 669 0108 F4010000 		.word	.LC48
 670 010c C4000000 		.word	.LC13
 671 0110 F8010000 		.word	.LC51
 672 0114 00000000 		.word	LineScanImage1
 673              		.cfi_endproc
 674              	.LFE6:
 676              		.section	.rodata
 677 0202 0000     		.align	2
 678              	.LC54:
 679 0204 25642C25 		.ascii	"%d,%d\000"
 679      6400
 680 020a 0000     		.align	2
 681              	.LC57:
 682 020c 53657474 		.ascii	"Setting Servos to %d , %d\015\012\000"
 682      696E6720 
 682      53657276 
 682      6F732074 
 682      6F202564 
 683              		.global	__aeabi_i2f
 684              		.global	__aeabi_fdiv
 685              		.align	2
 686              	.LC59:
 687 0228 496E7661 		.ascii	"Invalid servo control string. There must be 2 comma"
 687      6C696420 
 687      73657276 
 687      6F20636F 
 687      6E74726F 
 688 025b 6E642073 		.ascii	"nd separated arguments between -100 and 100. Ex: S "
 688      65706172 
 688      61746564 
 688      20617267 
 688      756D656E 
 689 028e 34332C2D 		.ascii	"43,-43\000"
 689      343300
 690              		.section	.text.TerminalCmd_S,"ax",%progbits
 691              		.align	2
 692              		.global	TerminalCmd_S
 693              		.code	16
 694              		.thumb_func
 696              	TerminalCmd_S:
 697              	.LFB7:
 134:../Sources/TFC/TFC_Terminal.c **** 
 135:../Sources/TFC/TFC_Terminal.c **** 
 136:../Sources/TFC/TFC_Terminal.c **** void TerminalCmd_S(char *arg)
 137:../Sources/TFC/TFC_Terminal.c **** {
 698              		.loc 1 137 0
 699              		.cfi_startproc
 700 0000 80B5     		push	{r7, lr}
 701              	.LCFI19:
 702              		.cfi_def_cfa_offset 8
 703              		.cfi_offset 7, -8
 704              		.cfi_offset 14, -4
 705 0002 84B0     		sub	sp, sp, #16
 706              	.LCFI20:
 707              		.cfi_def_cfa_offset 24
 708 0004 00AF     		add	r7, sp, #0
 709              	.LCFI21:
 710              		.cfi_def_cfa_register 7
 711 0006 7860     		str	r0, [r7, #4]
 138:../Sources/TFC/TFC_Terminal.c **** 	int ServoSetting[2] = {0,0};
 712              		.loc 1 138 0
 713 0008 3B1C     		mov	r3, r7
 714 000a 0833     		add	r3, r3, #8
 715 000c 0022     		mov	r2, #0
 716 000e 1A60     		str	r2, [r3]
 717 0010 3B1C     		mov	r3, r7
 718 0012 0833     		add	r3, r3, #8
 719 0014 0022     		mov	r2, #0
 720 0016 5A60     		str	r2, [r3, #4]
 139:../Sources/TFC/TFC_Terminal.c **** 
 140:../Sources/TFC/TFC_Terminal.c **** 	if(sscanf(arg,"%d,%d",&ServoSetting[0],&ServoSetting[1]) == 2)
 721              		.loc 1 140 0
 722 0018 7868     		ldr	r0, [r7, #4]
 723 001a 1F49     		ldr	r1, .L33
 724 001c 3A1C     		mov	r2, r7
 725 001e 0832     		add	r2, r2, #8
 726 0020 3B1C     		mov	r3, r7
 727 0022 0833     		add	r3, r3, #8
 728 0024 0433     		add	r3, r3, #4
 729 0026 FFF7FEFF 		bl	sscanf
 730 002a 031C     		mov	r3, r0
 731 002c 022B     		cmp	r3, #2
 732 002e 2AD1     		bne	.L31
 141:../Sources/TFC/TFC_Terminal.c **** 	{
 142:../Sources/TFC/TFC_Terminal.c **** 	
 143:../Sources/TFC/TFC_Terminal.c **** 	TERMINAL_PRINTF("Setting Servos to %d , %d\r\n",ServoSetting[0],ServoSetting[1]);
 733              		.loc 1 143 0
 734 0030 3B1C     		mov	r3, r7
 735 0032 0833     		add	r3, r3, #8
 736 0034 1A68     		ldr	r2, [r3]
 737 0036 3B1C     		mov	r3, r7
 738 0038 0833     		add	r3, r3, #8
 739 003a 5B68     		ldr	r3, [r3, #4]
 740 003c 1748     		ldr	r0, .L33+4
 741 003e 1849     		ldr	r1, .L33+8
 742 0040 FFF7FEFF 		bl	Qprintf
 144:../Sources/TFC/TFC_Terminal.c **** 	
 145:../Sources/TFC/TFC_Terminal.c **** 	TFC_SetServo(0,(float)ServoSetting[0]/100.0f); //Rescale to -1.0 to 1.0
 743              		.loc 1 145 0
 744 0044 3B1C     		mov	r3, r7
 745 0046 0833     		add	r3, r3, #8
 746 0048 1B68     		ldr	r3, [r3]
 747 004a 181C     		mov	r0, r3
 748 004c FFF7FEFF 		bl	__aeabi_i2f
 749 0050 031C     		add	r3, r0, #0
 750 0052 181C     		add	r0, r3, #0
 751 0054 1349     		ldr	r1, .L33+12
 752 0056 FFF7FEFF 		bl	__aeabi_fdiv
 753 005a 031C     		add	r3, r0, #0
 754 005c 0020     		mov	r0, #0
 755 005e 191C     		add	r1, r3, #0
 756 0060 FFF7FEFF 		bl	TFC_SetServo
 146:../Sources/TFC/TFC_Terminal.c **** 	TFC_SetServo(1,(float)ServoSetting[1]/100.0f);
 757              		.loc 1 146 0
 758 0064 3B1C     		mov	r3, r7
 759 0066 0833     		add	r3, r3, #8
 760 0068 5B68     		ldr	r3, [r3, #4]
 761 006a 181C     		mov	r0, r3
 762 006c FFF7FEFF 		bl	__aeabi_i2f
 763 0070 031C     		add	r3, r0, #0
 764 0072 181C     		add	r0, r3, #0
 765 0074 0B49     		ldr	r1, .L33+12
 766 0076 FFF7FEFF 		bl	__aeabi_fdiv
 767 007a 031C     		add	r3, r0, #0
 768 007c 0120     		mov	r0, #1
 769 007e 191C     		add	r1, r3, #0
 770 0080 FFF7FEFF 		bl	TFC_SetServo
 771 0084 05E0     		b	.L30
 772              	.L31:
 147:../Sources/TFC/TFC_Terminal.c **** 	}
 148:../Sources/TFC/TFC_Terminal.c **** 	else
 149:../Sources/TFC/TFC_Terminal.c **** 	{
 150:../Sources/TFC/TFC_Terminal.c **** 		TERMINAL_PRINTF("Invalid servo control string. There must be 2 command separated arguments betwee
 773              		.loc 1 150 0
 774 0086 054A     		ldr	r2, .L33+4
 775 0088 074B     		ldr	r3, .L33+16
 776 008a 101C     		mov	r0, r2
 777 008c 191C     		mov	r1, r3
 778 008e FFF7FEFF 		bl	Qprintf
 779              	.L30:
 151:../Sources/TFC/TFC_Terminal.c **** 	}
 152:../Sources/TFC/TFC_Terminal.c **** 	
 153:../Sources/TFC/TFC_Terminal.c **** }
 780              		.loc 1 153 0
 781 0092 BD46     		mov	sp, r7
 782 0094 04B0     		add	sp, sp, #16
 783              		@ sp needed for prologue
 784 0096 80BD     		pop	{r7, pc}
 785              	.L34:
 786              		.align	2
 787              	.L33:
 788 0098 04020000 		.word	.LC54
 789 009c 00000000 		.word	SDA_SERIAL_OUTGOING_QUEUE
 790 00a0 0C020000 		.word	.LC57
 791 00a4 0000C842 		.word	1120403456
 792 00a8 28020000 		.word	.LC59
 793              		.cfi_endproc
 794              	.LFE7:
 796              		.section	.rodata
 797 0295 000000   		.align	2
 798              	.LC63:
 799 0298 53657474 		.ascii	"Setting motor effort to to %d , %d\015\012\000"
 799      696E6720 
 799      6D6F746F 
 799      72206566 
 799      666F7274 
 800 02bd 000000   		.align	2
 801              	.LC65:
 802 02c0 496E7661 		.ascii	"Invalid motor control string. There must be 2 comma"
 802      6C696420 
 802      6D6F746F 
 802      7220636F 
 802      6E74726F 
 803 02f3 6E642073 		.ascii	"nd separated arguments between -100 and 100. Ex: H "
 803      65706172 
 803      61746564 
 803      20617267 
 803      756D656E 
 804 0326 34332C2D 		.ascii	"43,-43\015\012\000"
 804      34330D0A 
 804      00
 805              		.section	.text.TerminalCmd_H,"ax",%progbits
 806              		.align	2
 807              		.global	TerminalCmd_H
 808              		.code	16
 809              		.thumb_func
 811              	TerminalCmd_H:
 812              	.LFB8:
 154:../Sources/TFC/TFC_Terminal.c **** 
 155:../Sources/TFC/TFC_Terminal.c **** void TerminalCmd_H(char *arg)
 156:../Sources/TFC/TFC_Terminal.c **** {
 813              		.loc 1 156 0
 814              		.cfi_startproc
 815 0000 90B5     		push	{r4, r7, lr}
 816              	.LCFI22:
 817              		.cfi_def_cfa_offset 12
 818              		.cfi_offset 4, -12
 819              		.cfi_offset 7, -8
 820              		.cfi_offset 14, -4
 821 0002 85B0     		sub	sp, sp, #20
 822              	.LCFI23:
 823              		.cfi_def_cfa_offset 32
 824 0004 00AF     		add	r7, sp, #0
 825              	.LCFI24:
 826              		.cfi_def_cfa_register 7
 827 0006 7860     		str	r0, [r7, #4]
 157:../Sources/TFC/TFC_Terminal.c **** 
 158:../Sources/TFC/TFC_Terminal.c **** 	int MotorSetting[2] = {0,0};
 828              		.loc 1 158 0
 829 0008 3B1C     		mov	r3, r7
 830 000a 0833     		add	r3, r3, #8
 831 000c 0022     		mov	r2, #0
 832 000e 1A60     		str	r2, [r3]
 833 0010 3B1C     		mov	r3, r7
 834 0012 0833     		add	r3, r3, #8
 835 0014 0022     		mov	r2, #0
 836 0016 5A60     		str	r2, [r3, #4]
 159:../Sources/TFC/TFC_Terminal.c **** 
 160:../Sources/TFC/TFC_Terminal.c **** 	if(sscanf(arg,"%d,%d",&MotorSetting[0],&MotorSetting[1]) == 2)
 837              		.loc 1 160 0
 838 0018 7868     		ldr	r0, [r7, #4]
 839 001a 1E49     		ldr	r1, .L38
 840 001c 3A1C     		mov	r2, r7
 841 001e 0832     		add	r2, r2, #8
 842 0020 3B1C     		mov	r3, r7
 843 0022 0833     		add	r3, r3, #8
 844 0024 0433     		add	r3, r3, #4
 845 0026 FFF7FEFF 		bl	sscanf
 846 002a 031C     		mov	r3, r0
 847 002c 022B     		cmp	r3, #2
 848 002e 27D1     		bne	.L36
 161:../Sources/TFC/TFC_Terminal.c **** 	{
 162:../Sources/TFC/TFC_Terminal.c **** 	
 163:../Sources/TFC/TFC_Terminal.c **** 	TERMINAL_PRINTF("Setting motor effort to to %d , %d\r\n",MotorSetting[0],MotorSetting[1]);
 849              		.loc 1 163 0
 850 0030 3B1C     		mov	r3, r7
 851 0032 0833     		add	r3, r3, #8
 852 0034 1A68     		ldr	r2, [r3]
 853 0036 3B1C     		mov	r3, r7
 854 0038 0833     		add	r3, r3, #8
 855 003a 5B68     		ldr	r3, [r3, #4]
 856 003c 1648     		ldr	r0, .L38+4
 857 003e 1749     		ldr	r1, .L38+8
 858 0040 FFF7FEFF 		bl	Qprintf
 164:../Sources/TFC/TFC_Terminal.c **** 	
 165:../Sources/TFC/TFC_Terminal.c **** 	TFC_SetMotorPWM((float)MotorSetting[0]/100.0f,(float)MotorSetting[1]/100.0f);
 859              		.loc 1 165 0
 860 0044 3B1C     		mov	r3, r7
 861 0046 0833     		add	r3, r3, #8
 862 0048 1B68     		ldr	r3, [r3]
 863 004a 181C     		mov	r0, r3
 864 004c FFF7FEFF 		bl	__aeabi_i2f
 865 0050 031C     		add	r3, r0, #0
 866 0052 181C     		add	r0, r3, #0
 867 0054 1249     		ldr	r1, .L38+12
 868 0056 FFF7FEFF 		bl	__aeabi_fdiv
 869 005a 031C     		add	r3, r0, #0
 870 005c 1C1C     		add	r4, r3, #0
 871 005e 3B1C     		mov	r3, r7
 872 0060 0833     		add	r3, r3, #8
 873 0062 5B68     		ldr	r3, [r3, #4]
 874 0064 181C     		mov	r0, r3
 875 0066 FFF7FEFF 		bl	__aeabi_i2f
 876 006a 031C     		add	r3, r0, #0
 877 006c 181C     		add	r0, r3, #0
 878 006e 0C49     		ldr	r1, .L38+12
 879 0070 FFF7FEFF 		bl	__aeabi_fdiv
 880 0074 031C     		add	r3, r0, #0
 881 0076 201C     		add	r0, r4, #0
 882 0078 191C     		add	r1, r3, #0
 883 007a FFF7FEFF 		bl	TFC_SetMotorPWM
 884 007e 05E0     		b	.L35
 885              	.L36:
 166:../Sources/TFC/TFC_Terminal.c **** 
 167:../Sources/TFC/TFC_Terminal.c **** 
 168:../Sources/TFC/TFC_Terminal.c **** 	}
 169:../Sources/TFC/TFC_Terminal.c **** 	else
 170:../Sources/TFC/TFC_Terminal.c **** 	{
 171:../Sources/TFC/TFC_Terminal.c **** 		TERMINAL_PRINTF("Invalid motor control string. There must be 2 command separated arguments betwee
 886              		.loc 1 171 0
 887 0080 054A     		ldr	r2, .L38+4
 888 0082 084B     		ldr	r3, .L38+16
 889 0084 101C     		mov	r0, r2
 890 0086 191C     		mov	r1, r3
 891 0088 FFF7FEFF 		bl	Qprintf
 892              	.L35:
 172:../Sources/TFC/TFC_Terminal.c **** 	}
 173:../Sources/TFC/TFC_Terminal.c **** 	
 174:../Sources/TFC/TFC_Terminal.c **** }
 893              		.loc 1 174 0
 894 008c BD46     		mov	sp, r7
 895 008e 05B0     		add	sp, sp, #20
 896              		@ sp needed for prologue
 897 0090 90BD     		pop	{r4, r7, pc}
 898              	.L39:
 899 0092 C046     		.align	2
 900              	.L38:
 901 0094 04020000 		.word	.LC54
 902 0098 00000000 		.word	SDA_SERIAL_OUTGOING_QUEUE
 903 009c 98020000 		.word	.LC63
 904 00a0 0000C842 		.word	1120403456
 905 00a4 C0020000 		.word	.LC65
 906              		.cfi_endproc
 907              	.LFE8:
 909              		.section	.rodata
 910 032f 00       		.align	2
 911              	.LC76:
 912 0330 0D0A00   		.ascii	"\015\012\000"
 913 0333 00       		.align	2
 914              	.LC78:
 915 0334 0D0A2573 		.ascii	"\015\012%s command not recognized.\015\012\015\012\000"
 915      20636F6D 
 915      6D616E64 
 915      206E6F74 
 915      20726563 
 916 0355 000000   		.align	2
 917              	.LC80:
 918 0358 6E6F2061 		.ascii	"no arg\000"
 918      726700
 919 035f 00       		.align	2
 920              	.LC82:
 921 0360 0D0A3E00 		.ascii	"\015\012>\000"
 922              		.section	.text.TFC_ProcessTerminal,"ax",%progbits
 923              		.align	2
 924              		.global	TFC_ProcessTerminal
 925              		.code	16
 926              		.thumb_func
 928              	TFC_ProcessTerminal:
 929              	.LFB9:
 175:../Sources/TFC/TFC_Terminal.c **** 
 176:../Sources/TFC/TFC_Terminal.c **** 
 177:../Sources/TFC/TFC_Terminal.c **** void TFC_ProcessTerminal()
 178:../Sources/TFC/TFC_Terminal.c **** {
 930              		.loc 1 178 0
 931              		.cfi_startproc
 932 0000 80B5     		push	{r7, lr}
 933              	.LCFI25:
 934              		.cfi_def_cfa_offset 8
 935              		.cfi_offset 7, -8
 936              		.cfi_offset 14, -4
 937 0002 82B0     		sub	sp, sp, #8
 938              	.LCFI26:
 939              		.cfi_def_cfa_offset 16
 940 0004 00AF     		add	r7, sp, #0
 941              	.LCFI27:
 942              		.cfi_def_cfa_register 7
 179:../Sources/TFC/TFC_Terminal.c ****      uint8_t i,j;
 180:../Sources/TFC/TFC_Terminal.c ****      uint8_t ArgsFound;
 181:../Sources/TFC/TFC_Terminal.c ****         
 182:../Sources/TFC/TFC_Terminal.c ****     if(TERMINAL_READABLE)
 943              		.loc 1 182 0
 944 0006 A14B     		ldr	r3, .L69
 945 0008 181C     		mov	r0, r3
 946 000a FFF7FEFF 		bl	BytesInQueue
 947 000e 031C     		mov	r3, r0
 948 0010 002B     		cmp	r3, #0
 949 0012 00D1     		bne	.LCB696
 950 0014 36E1     		b	.L40	@long jump
 951              	.LCB696:
 183:../Sources/TFC/TFC_Terminal.c ****     {
 184:../Sources/TFC/TFC_Terminal.c ****        NextCharIn = TERMINAL_GETC;
 952              		.loc 1 184 0
 953 0016 9D4B     		ldr	r3, .L69
 954 0018 181C     		mov	r0, r3
 955 001a FFF7FEFF 		bl	ForcedByteDequeue
 956 001e 031C     		mov	r3, r0
 957 0020 1A1C     		mov	r2, r3
 958 0022 9B4B     		ldr	r3, .L69+4
 959 0024 1A70     		strb	r2, [r3]
 185:../Sources/TFC/TFC_Terminal.c ****        
 186:../Sources/TFC/TFC_Terminal.c ****         switch(NextCharIn)
 960              		.loc 1 186 0
 961 0026 9A4B     		ldr	r3, .L69+4
 962 0028 1B78     		ldrb	r3, [r3]
 963 002a 082B     		cmp	r3, #8
 964 002c 00D1     		bne	.LCB707
 965 002e EBE0     		b	.L43	@long jump
 966              	.LCB707:
 967 0030 0D2B     		cmp	r3, #13
 968 0032 00D0     		beq	.LCB709
 969 0034 FAE0     		b	.L64	@long jump
 970              	.LCB709:
 971              	.L44:
 187:../Sources/TFC/TFC_Terminal.c ****         {
 188:../Sources/TFC/TFC_Terminal.c ****             case '\r':
 189:../Sources/TFC/TFC_Terminal.c ****              
 190:../Sources/TFC/TFC_Terminal.c ****              TerminalLineBuf[TerminalPos++] = 0x0;
 972              		.loc 1 190 0
 973 0036 974B     		ldr	r3, .L69+8
 974 0038 1B78     		ldrb	r3, [r3]
 975 003a 1A1C     		mov	r2, r3
 976 003c 9649     		ldr	r1, .L69+12
 977 003e 0020     		mov	r0, #0
 978 0040 8854     		strb	r0, [r1, r2]
 979 0042 0133     		add	r3, r3, #1
 980 0044 DAB2     		uxtb	r2, r3
 981 0046 934B     		ldr	r3, .L69+8
 982 0048 1A70     		strb	r2, [r3]
 191:../Sources/TFC/TFC_Terminal.c ****              TERMINAL_PUTC(NextCharIn);
 983              		.loc 1 191 0
 984 004a 914B     		ldr	r3, .L69+4
 985 004c 1B78     		ldrb	r3, [r3]
 986 004e 934A     		ldr	r2, .L69+16
 987 0050 101C     		mov	r0, r2
 988 0052 191C     		mov	r1, r3
 989 0054 FFF7FEFF 		bl	ByteEnqueue
 192:../Sources/TFC/TFC_Terminal.c ****            
 193:../Sources/TFC/TFC_Terminal.c ****              if(TerminalPos > 1)
 990              		.loc 1 193 0
 991 0058 8E4B     		ldr	r3, .L69+8
 992 005a 1B78     		ldrb	r3, [r3]
 993 005c 012B     		cmp	r3, #1
 994 005e 00D8     		bhi	.LCB730
 995 0060 C8E0     		b	.L45	@long jump
 996              	.LCB730:
 194:../Sources/TFC/TFC_Terminal.c ****              {
 195:../Sources/TFC/TFC_Terminal.c ****                  //find the command
 196:../Sources/TFC/TFC_Terminal.c ****                  i=0;
 997              		.loc 1 196 0
 998 0062 FB1D     		add	r3, r7, #7
 999 0064 0022     		mov	r2, #0
 1000 0066 1A70     		strb	r2, [r3]
 197:../Sources/TFC/TFC_Terminal.c ****                  while(TerminalLineBuf[i]>0x20 &&  TerminalLineBuf[i]<0x7f)
 1001              		.loc 1 197 0
 1002 0068 10E0     		b	.L46
 1003              	.L48:
 198:../Sources/TFC/TFC_Terminal.c ****                  {
 199:../Sources/TFC/TFC_Terminal.c ****                       TerminalCmdBuf[i] = TerminalLineBuf[i];
 1004              		.loc 1 199 0
 1005 006a FB1D     		add	r3, r7, #7
 1006 006c 1B78     		ldrb	r3, [r3]
 1007 006e FA1D     		add	r2, r7, #7
 1008 0070 1278     		ldrb	r2, [r2]
 1009 0072 8949     		ldr	r1, .L69+12
 1010 0074 895C     		ldrb	r1, [r1, r2]
 1011 0076 8A4A     		ldr	r2, .L69+20
 1012 0078 D154     		strb	r1, [r2, r3]
 200:../Sources/TFC/TFC_Terminal.c ****                       i++;
 1013              		.loc 1 200 0
 1014 007a FB1D     		add	r3, r7, #7
 1015 007c FA1D     		add	r2, r7, #7
 1016 007e 1278     		ldrb	r2, [r2]
 1017 0080 0132     		add	r2, r2, #1
 1018 0082 1A70     		strb	r2, [r3]
 201:../Sources/TFC/TFC_Terminal.c ****     
 202:../Sources/TFC/TFC_Terminal.c ****                     if(i==MAX_TERMINAL_CMD_CHARS)
 1019              		.loc 1 202 0
 1020 0084 FB1D     		add	r3, r7, #7
 1021 0086 1B78     		ldrb	r3, [r3]
 1022 0088 202B     		cmp	r3, #32
 1023 008a 0CD0     		beq	.L66
 1024              	.L46:
 197:../Sources/TFC/TFC_Terminal.c ****                  while(TerminalLineBuf[i]>0x20 &&  TerminalLineBuf[i]<0x7f)
 1025              		.loc 1 197 0
 1026 008c FB1D     		add	r3, r7, #7
 1027 008e 1B78     		ldrb	r3, [r3]
 1028 0090 814A     		ldr	r2, .L69+12
 1029 0092 D35C     		ldrb	r3, [r2, r3]
 1030 0094 202B     		cmp	r3, #32
 1031 0096 07D9     		bls	.L47
 197:../Sources/TFC/TFC_Terminal.c ****                  while(TerminalLineBuf[i]>0x20 &&  TerminalLineBuf[i]<0x7f)
 1032              		.loc 1 197 0 is_stmt 0
 1033 0098 FB1D     		add	r3, r7, #7
 1034 009a 1B78     		ldrb	r3, [r3]
 1035 009c 7E4A     		ldr	r2, .L69+12
 1036 009e D35C     		ldrb	r3, [r2, r3]
 1037 00a0 7E2B     		cmp	r3, #126
 1038 00a2 E2D9     		bls	.L48
 1039 00a4 00E0     		b	.L47
 1040              	.L66:
 203:../Sources/TFC/TFC_Terminal.c ****                         {
 204:../Sources/TFC/TFC_Terminal.c ****                          break;
 1041              		.loc 1 204 0 is_stmt 1
 1042 00a6 C046     		mov	r8, r8
 1043              	.L47:
 205:../Sources/TFC/TFC_Terminal.c ****                         }
 206:../Sources/TFC/TFC_Terminal.c ****                  }
 207:../Sources/TFC/TFC_Terminal.c ****                     
 208:../Sources/TFC/TFC_Terminal.c ****                 TerminalCmdBuf[i] = 0;
 1044              		.loc 1 208 0
 1045 00a8 FB1D     		add	r3, r7, #7
 1046 00aa 1B78     		ldrb	r3, [r3]
 1047 00ac 7C4A     		ldr	r2, .L69+20
 1048 00ae 0021     		mov	r1, #0
 1049 00b0 D154     		strb	r1, [r2, r3]
 209:../Sources/TFC/TFC_Terminal.c ****                 TerminalCmdBuf[i+1] = 0;
 1050              		.loc 1 209 0
 1051 00b2 FB1D     		add	r3, r7, #7
 1052 00b4 1B78     		ldrb	r3, [r3]
 1053 00b6 0133     		add	r3, r3, #1
 1054 00b8 794A     		ldr	r2, .L69+20
 1055 00ba 0021     		mov	r1, #0
 1056 00bc D154     		strb	r1, [r2, r3]
 210:../Sources/TFC/TFC_Terminal.c ****                 
 211:../Sources/TFC/TFC_Terminal.c ****                 
 212:../Sources/TFC/TFC_Terminal.c ****                 ArgsFound = TRUE;
 1057              		.loc 1 212 0
 1058 00be 7B1D     		add	r3, r7, #5
 1059 00c0 0122     		mov	r2, #1
 1060 00c2 1A70     		strb	r2, [r3]
 213:../Sources/TFC/TFC_Terminal.c ****                 memset(TerminalArgs,0x00,sizeof(TerminalArgs));
 1061              		.loc 1 213 0
 1062 00c4 774B     		ldr	r3, .L69+24
 1063 00c6 181C     		mov	r0, r3
 1064 00c8 0021     		mov	r1, #0
 1065 00ca 2022     		mov	r2, #32
 1066 00cc FFF7FEFF 		bl	memset
 214:../Sources/TFC/TFC_Terminal.c ****                 //scan for num terminator or next non whitespace
 215:../Sources/TFC/TFC_Terminal.c ****                 while(TerminalLineBuf[i]<=0x20 && (i<MAX_TERMINAL_LINE_CHARS))
 1067              		.loc 1 215 0
 1068 00d0 0EE0     		b	.L49
 1069              	.L52:
 216:../Sources/TFC/TFC_Terminal.c ****                 {
 217:../Sources/TFC/TFC_Terminal.c ****                     if(TerminalLineBuf[i] == 0x00)
 1070              		.loc 1 217 0
 1071 00d2 FB1D     		add	r3, r7, #7
 1072 00d4 1B78     		ldrb	r3, [r3]
 1073 00d6 704A     		ldr	r2, .L69+12
 1074 00d8 D35C     		ldrb	r3, [r2, r3]
 1075 00da 002B     		cmp	r3, #0
 1076 00dc 03D1     		bne	.L50
 218:../Sources/TFC/TFC_Terminal.c ****                     {
 219:../Sources/TFC/TFC_Terminal.c ****                     
 220:../Sources/TFC/TFC_Terminal.c ****                         //if we find a NULL terminator before a non whitespace character they flag 
 221:../Sources/TFC/TFC_Terminal.c ****                         ArgsFound = FALSE;
 1077              		.loc 1 221 0
 1078 00de 7B1D     		add	r3, r7, #5
 1079 00e0 0022     		mov	r2, #0
 1080 00e2 1A70     		strb	r2, [r3]
 222:../Sources/TFC/TFC_Terminal.c ****                         break;
 1081              		.loc 1 222 0
 1082 00e4 0EE0     		b	.L51
 1083              	.L50:
 223:../Sources/TFC/TFC_Terminal.c ****                     }   
 224:../Sources/TFC/TFC_Terminal.c ****                     i++; 
 1084              		.loc 1 224 0
 1085 00e6 FB1D     		add	r3, r7, #7
 1086 00e8 FA1D     		add	r2, r7, #7
 1087 00ea 1278     		ldrb	r2, [r2]
 1088 00ec 0132     		add	r2, r2, #1
 1089 00ee 1A70     		strb	r2, [r3]
 1090              	.L49:
 215:../Sources/TFC/TFC_Terminal.c ****                 while(TerminalLineBuf[i]<=0x20 && (i<MAX_TERMINAL_LINE_CHARS))
 1091              		.loc 1 215 0
 1092 00f0 FB1D     		add	r3, r7, #7
 1093 00f2 1B78     		ldrb	r3, [r3]
 1094 00f4 684A     		ldr	r2, .L69+12
 1095 00f6 D35C     		ldrb	r3, [r2, r3]
 1096 00f8 202B     		cmp	r3, #32
 1097 00fa 03D8     		bhi	.L51
 215:../Sources/TFC/TFC_Terminal.c ****                 while(TerminalLineBuf[i]<=0x20 && (i<MAX_TERMINAL_LINE_CHARS))
 1098              		.loc 1 215 0 is_stmt 0
 1099 00fc FB1D     		add	r3, r7, #7
 1100 00fe 1B78     		ldrb	r3, [r3]
 1101 0100 3F2B     		cmp	r3, #63
 1102 0102 E6D9     		bls	.L52
 1103              	.L51:
 225:../Sources/TFC/TFC_Terminal.c ****                 }
 226:../Sources/TFC/TFC_Terminal.c ****                 
 227:../Sources/TFC/TFC_Terminal.c ****                 if(ArgsFound == TRUE)
 1104              		.loc 1 227 0 is_stmt 1
 1105 0104 7B1D     		add	r3, r7, #5
 1106 0106 1B78     		ldrb	r3, [r3]
 1107 0108 012B     		cmp	r3, #1
 1108 010a 20D1     		bne	.L53
 228:../Sources/TFC/TFC_Terminal.c ****                 {
 229:../Sources/TFC/TFC_Terminal.c ****                     strcpy(TerminalArgs,&TerminalLineBuf[i]);
 1109              		.loc 1 229 0
 1110 010c FB1D     		add	r3, r7, #7
 1111 010e 1A78     		ldrb	r2, [r3]
 1112 0110 614B     		ldr	r3, .L69+12
 1113 0112 D318     		add	r3, r2, r3
 1114 0114 634A     		ldr	r2, .L69+24
 1115 0116 101C     		mov	r0, r2
 1116 0118 191C     		mov	r1, r3
 1117 011a FFF7FEFF 		bl	strcpy
 230:../Sources/TFC/TFC_Terminal.c ****                     
 231:../Sources/TFC/TFC_Terminal.c ****                     //trim trailing whitespace
 232:../Sources/TFC/TFC_Terminal.c ****                     i = sizeof(TerminalArgs)-1;
 1118              		.loc 1 232 0
 1119 011e FB1D     		add	r3, r7, #7
 1120 0120 1F22     		mov	r2, #31
 1121 0122 1A70     		strb	r2, [r3]
 233:../Sources/TFC/TFC_Terminal.c ****                     
 234:../Sources/TFC/TFC_Terminal.c ****                     while((TerminalArgs[i]<0x21) && (i>0))
 1122              		.loc 1 234 0
 1123 0124 09E0     		b	.L54
 1124              	.L55:
 235:../Sources/TFC/TFC_Terminal.c ****                     {
 236:../Sources/TFC/TFC_Terminal.c ****                         TerminalArgs[i]= 0x00;
 1125              		.loc 1 236 0
 1126 0126 FB1D     		add	r3, r7, #7
 1127 0128 1B78     		ldrb	r3, [r3]
 1128 012a 5E4A     		ldr	r2, .L69+24
 1129 012c 0021     		mov	r1, #0
 1130 012e D154     		strb	r1, [r2, r3]
 237:../Sources/TFC/TFC_Terminal.c ****                         i--;
 1131              		.loc 1 237 0
 1132 0130 FB1D     		add	r3, r7, #7
 1133 0132 FA1D     		add	r2, r7, #7
 1134 0134 1278     		ldrb	r2, [r2]
 1135 0136 013A     		sub	r2, r2, #1
 1136 0138 1A70     		strb	r2, [r3]
 1137              	.L54:
 234:../Sources/TFC/TFC_Terminal.c ****                     while((TerminalArgs[i]<0x21) && (i>0))
 1138              		.loc 1 234 0
 1139 013a FB1D     		add	r3, r7, #7
 1140 013c 1B78     		ldrb	r3, [r3]
 1141 013e 594A     		ldr	r2, .L69+24
 1142 0140 D35C     		ldrb	r3, [r2, r3]
 1143 0142 202B     		cmp	r3, #32
 1144 0144 03D8     		bhi	.L53
 234:../Sources/TFC/TFC_Terminal.c ****                     while((TerminalArgs[i]<0x21) && (i>0))
 1145              		.loc 1 234 0 is_stmt 0
 1146 0146 FB1D     		add	r3, r7, #7
 1147 0148 1B78     		ldrb	r3, [r3]
 1148 014a 002B     		cmp	r3, #0
 1149 014c EBD1     		bne	.L55
 1150              	.L53:
 238:../Sources/TFC/TFC_Terminal.c ****                     }       
 239:../Sources/TFC/TFC_Terminal.c ****                 }
 240:../Sources/TFC/TFC_Terminal.c ****                 
 241:../Sources/TFC/TFC_Terminal.c ****                 CmdFound = FALSE;
 1151              		.loc 1 241 0 is_stmt 1
 1152 014e 564B     		ldr	r3, .L69+28
 1153 0150 0022     		mov	r2, #0
 1154 0152 1A70     		strb	r2, [r3]
 242:../Sources/TFC/TFC_Terminal.c ****                 for(j=0;j<NUM_TERMINAL_COMMANDS;j++)
 1155              		.loc 1 242 0
 1156 0154 BB1D     		add	r3, r7, #6
 1157 0156 0022     		mov	r2, #0
 1158 0158 1A70     		strb	r2, [r3]
 1159 015a 37E0     		b	.L56
 1160              	.L60:
 243:../Sources/TFC/TFC_Terminal.c ****                 {           
 244:../Sources/TFC/TFC_Terminal.c ****                     if(strcmp(TerminalCmdBuf,MyTerminalCallbackRecords[j].CommandString) == 0)
 1161              		.loc 1 244 0
 1162 015c BB1D     		add	r3, r7, #6
 1163 015e 1A78     		ldrb	r2, [r3]
 1164 0160 5249     		ldr	r1, .L69+32
 1165 0162 131C     		mov	r3, r2
 1166 0164 5B00     		lsl	r3, r3, #1
 1167 0166 9B18     		add	r3, r3, r2
 1168 0168 9B00     		lsl	r3, r3, #2
 1169 016a 5B58     		ldr	r3, [r3, r1]
 1170 016c 4C4A     		ldr	r2, .L69+20
 1171 016e 101C     		mov	r0, r2
 1172 0170 191C     		mov	r1, r3
 1173 0172 FFF7FEFF 		bl	strcmp
 1174 0176 031C     		mov	r3, r0
 1175 0178 002B     		cmp	r3, #0
 1176 017a 22D1     		bne	.L57
 245:../Sources/TFC/TFC_Terminal.c ****                     {
 246:../Sources/TFC/TFC_Terminal.c ****                         TERMINAL_PRINTF("\r\n");
 1177              		.loc 1 246 0
 1178 017c 474A     		ldr	r2, .L69+16
 1179 017e 4C4B     		ldr	r3, .L69+36
 1180 0180 101C     		mov	r0, r2
 1181 0182 191C     		mov	r1, r3
 1182 0184 FFF7FEFF 		bl	Qprintf
 247:../Sources/TFC/TFC_Terminal.c ****                         if(MyTerminalCallbackRecords[j].Callback != NULL)
 1183              		.loc 1 247 0
 1184 0188 BB1D     		add	r3, r7, #6
 1185 018a 1A78     		ldrb	r2, [r3]
 1186 018c 4749     		ldr	r1, .L69+32
 1187 018e 131C     		mov	r3, r2
 1188 0190 5B00     		lsl	r3, r3, #1
 1189 0192 9B18     		add	r3, r3, r2
 1190 0194 9B00     		lsl	r3, r3, #2
 1191 0196 CB18     		add	r3, r1, r3
 1192 0198 0433     		add	r3, r3, #4
 1193 019a 1B68     		ldr	r3, [r3]
 1194 019c 002B     		cmp	r3, #0
 1195 019e 0CD0     		beq	.L58
 248:../Sources/TFC/TFC_Terminal.c ****                             MyTerminalCallbackRecords[j].Callback(TerminalArgs);
 1196              		.loc 1 248 0
 1197 01a0 BB1D     		add	r3, r7, #6
 1198 01a2 1A78     		ldrb	r2, [r3]
 1199 01a4 4149     		ldr	r1, .L69+32
 1200 01a6 131C     		mov	r3, r2
 1201 01a8 5B00     		lsl	r3, r3, #1
 1202 01aa 9B18     		add	r3, r3, r2
 1203 01ac 9B00     		lsl	r3, r3, #2
 1204 01ae CB18     		add	r3, r1, r3
 1205 01b0 0433     		add	r3, r3, #4
 1206 01b2 1B68     		ldr	r3, [r3]
 1207 01b4 3B4A     		ldr	r2, .L69+24
 1208 01b6 101C     		mov	r0, r2
 1209 01b8 9847     		blx	r3
 1210              	.L58:
 249:../Sources/TFC/TFC_Terminal.c ****                     
 250:../Sources/TFC/TFC_Terminal.c ****                         CmdFound = TRUE;
 1211              		.loc 1 250 0
 1212 01ba 3B4B     		ldr	r3, .L69+28
 1213 01bc 0122     		mov	r2, #1
 1214 01be 1A70     		strb	r2, [r3]
 251:../Sources/TFC/TFC_Terminal.c ****                         break;
 1215              		.loc 1 251 0
 1216 01c0 08E0     		b	.L59
 1217              	.L57:
 242:../Sources/TFC/TFC_Terminal.c ****                 for(j=0;j<NUM_TERMINAL_COMMANDS;j++)
 1218              		.loc 1 242 0
 1219 01c2 BB1D     		add	r3, r7, #6
 1220 01c4 BA1D     		add	r2, r7, #6
 1221 01c6 1278     		ldrb	r2, [r2]
 1222 01c8 0132     		add	r2, r2, #1
 1223 01ca 1A70     		strb	r2, [r3]
 1224              	.L56:
 242:../Sources/TFC/TFC_Terminal.c ****                 for(j=0;j<NUM_TERMINAL_COMMANDS;j++)
 1225              		.loc 1 242 0 is_stmt 0
 1226 01cc BB1D     		add	r3, r7, #6
 1227 01ce 1B78     		ldrb	r3, [r3]
 1228 01d0 052B     		cmp	r3, #5
 1229 01d2 C3D9     		bls	.L60
 1230              	.L59:
 252:../Sources/TFC/TFC_Terminal.c ****                     }             
 253:../Sources/TFC/TFC_Terminal.c ****                 }        
 254:../Sources/TFC/TFC_Terminal.c ****                 if(CmdFound == FALSE)
 1231              		.loc 1 254 0 is_stmt 1
 1232 01d4 344B     		ldr	r3, .L69+28
 1233 01d6 1B78     		ldrb	r3, [r3]
 1234 01d8 002B     		cmp	r3, #0
 1235 01da 0BD1     		bne	.L45
 255:../Sources/TFC/TFC_Terminal.c ****                 {
 256:../Sources/TFC/TFC_Terminal.c ****                   TERMINAL_PRINTF("\r\n%s command not recognized.\r\n\r\n",TerminalCmdBuf);
 1236              		.loc 1 256 0
 1237 01dc 2F49     		ldr	r1, .L69+16
 1238 01de 354A     		ldr	r2, .L69+40
 1239 01e0 2F4B     		ldr	r3, .L69+20
 1240 01e2 081C     		mov	r0, r1
 1241 01e4 111C     		mov	r1, r2
 1242 01e6 1A1C     		mov	r2, r3
 1243 01e8 FFF7FEFF 		bl	Qprintf
 257:../Sources/TFC/TFC_Terminal.c ****                   TerminalCmd_Help("no arg");
 1244              		.loc 1 257 0
 1245 01ec 324B     		ldr	r3, .L69+44
 1246 01ee 181C     		mov	r0, r3
 1247 01f0 FFF7FEFF 		bl	TerminalCmd_Help
 1248              	.L45:
 258:../Sources/TFC/TFC_Terminal.c ****                   
 259:../Sources/TFC/TFC_Terminal.c ****                 }
 260:../Sources/TFC/TFC_Terminal.c ****               }    
 261:../Sources/TFC/TFC_Terminal.c ****              TERMINAL_PRINTF("\r\n>");
 1249              		.loc 1 261 0
 1250 01f4 294A     		ldr	r2, .L69+16
 1251 01f6 314B     		ldr	r3, .L69+48
 1252 01f8 101C     		mov	r0, r2
 1253 01fa 191C     		mov	r1, r3
 1254 01fc FFF7FEFF 		bl	Qprintf
 262:../Sources/TFC/TFC_Terminal.c ****              TerminalPos = 0;
 1255              		.loc 1 262 0
 1256 0200 244B     		ldr	r3, .L69+8
 1257 0202 0022     		mov	r2, #0
 1258 0204 1A70     		strb	r2, [r3]
 263:../Sources/TFC/TFC_Terminal.c ****             
 264:../Sources/TFC/TFC_Terminal.c ****             break;
 1259              		.loc 1 264 0
 1260 0206 3DE0     		b	.L40
 1261              	.L43:
 265:../Sources/TFC/TFC_Terminal.c ****             
 266:../Sources/TFC/TFC_Terminal.c ****             case '\b':
 267:../Sources/TFC/TFC_Terminal.c ****                 if(TerminalPos > 0)
 1262              		.loc 1 267 0
 1263 0208 224B     		ldr	r3, .L69+8
 1264 020a 1B78     		ldrb	r3, [r3]
 1265 020c 002B     		cmp	r3, #0
 1266 020e 36D0     		beq	.L67
 268:../Sources/TFC/TFC_Terminal.c ****                 {
 269:../Sources/TFC/TFC_Terminal.c ****                     TerminalPos--;    
 1267              		.loc 1 269 0
 1268 0210 204B     		ldr	r3, .L69+8
 1269 0212 1B78     		ldrb	r3, [r3]
 1270 0214 013B     		sub	r3, r3, #1
 1271 0216 DAB2     		uxtb	r2, r3
 1272 0218 1E4B     		ldr	r3, .L69+8
 1273 021a 1A70     		strb	r2, [r3]
 270:../Sources/TFC/TFC_Terminal.c ****                     TERMINAL_PUTC(NextCharIn);
 1274              		.loc 1 270 0
 1275 021c 1C4B     		ldr	r3, .L69+4
 1276 021e 1B78     		ldrb	r3, [r3]
 1277 0220 1E4A     		ldr	r2, .L69+16
 1278 0222 101C     		mov	r0, r2
 1279 0224 191C     		mov	r1, r3
 1280 0226 FFF7FEFF 		bl	ByteEnqueue
 271:../Sources/TFC/TFC_Terminal.c ****                 }
 272:../Sources/TFC/TFC_Terminal.c ****             break;
 1281              		.loc 1 272 0
 1282 022a 28E0     		b	.L67
 1283              	.L64:
 273:../Sources/TFC/TFC_Terminal.c ****             
 274:../Sources/TFC/TFC_Terminal.c ****             default:
 275:../Sources/TFC/TFC_Terminal.c ****                 
 276:../Sources/TFC/TFC_Terminal.c ****                 if(TerminalPos == 0 && NextCharIn == 0x020)
 1284              		.loc 1 276 0
 1285 022c 194B     		ldr	r3, .L69+8
 1286 022e 1B78     		ldrb	r3, [r3]
 1287 0230 002B     		cmp	r3, #0
 1288 0232 03D1     		bne	.L62
 1289              		.loc 1 276 0 is_stmt 0
 1290 0234 164B     		ldr	r3, .L69+4
 1291 0236 1B78     		ldrb	r3, [r3]
 1292 0238 202B     		cmp	r3, #32
 1293 023a 1ED0     		beq	.L65
 1294              	.L62:
 277:../Sources/TFC/TFC_Terminal.c ****                 {
 278:../Sources/TFC/TFC_Terminal.c ****                      //Do nothing if space bar is pressed at beginning of line    
 279:../Sources/TFC/TFC_Terminal.c ****                 }
 280:../Sources/TFC/TFC_Terminal.c ****                    else if(NextCharIn >= 0x20 && NextCharIn<0x7F)
 1295              		.loc 1 280 0 is_stmt 1
 1296 023c 144B     		ldr	r3, .L69+4
 1297 023e 1B78     		ldrb	r3, [r3]
 1298 0240 1F2B     		cmp	r3, #31
 1299 0242 1ED9     		bls	.L68
 1300              		.loc 1 280 0 is_stmt 0
 1301 0244 124B     		ldr	r3, .L69+4
 1302 0246 1B78     		ldrb	r3, [r3]
 1303 0248 7E2B     		cmp	r3, #126
 1304 024a 1AD8     		bhi	.L68
 281:../Sources/TFC/TFC_Terminal.c ****                 {
 282:../Sources/TFC/TFC_Terminal.c ****                     
 283:../Sources/TFC/TFC_Terminal.c ****                     if(TerminalPos < MAX_TERMINAL_LINE_CHARS-1)
 1305              		.loc 1 283 0 is_stmt 1
 1306 024c 114B     		ldr	r3, .L69+8
 1307 024e 1B78     		ldrb	r3, [r3]
 1308 0250 3E2B     		cmp	r3, #62
 1309 0252 16D8     		bhi	.L68
 284:../Sources/TFC/TFC_Terminal.c ****                     {
 285:../Sources/TFC/TFC_Terminal.c ****                          TerminalLineBuf[TerminalPos++] = NextCharIn;
 1310              		.loc 1 285 0
 1311 0254 0F4B     		ldr	r3, .L69+8
 1312 0256 1B78     		ldrb	r3, [r3]
 1313 0258 1A1C     		mov	r2, r3
 1314 025a 0D49     		ldr	r1, .L69+4
 1315 025c 0878     		ldrb	r0, [r1]
 1316 025e 0E49     		ldr	r1, .L69+12
 1317 0260 8854     		strb	r0, [r1, r2]
 1318 0262 0133     		add	r3, r3, #1
 1319 0264 DAB2     		uxtb	r2, r3
 1320 0266 0B4B     		ldr	r3, .L69+8
 1321 0268 1A70     		strb	r2, [r3]
 286:../Sources/TFC/TFC_Terminal.c ****                         TERMINAL_PUTC(NextCharIn);
 1322              		.loc 1 286 0
 1323 026a 094B     		ldr	r3, .L69+4
 1324 026c 1B78     		ldrb	r3, [r3]
 1325 026e 0B4A     		ldr	r2, .L69+16
 1326 0270 101C     		mov	r0, r2
 1327 0272 191C     		mov	r1, r3
 1328 0274 FFF7FEFF 		bl	ByteEnqueue
 287:../Sources/TFC/TFC_Terminal.c ****                     }
 288:../Sources/TFC/TFC_Terminal.c ****                 }
 289:../Sources/TFC/TFC_Terminal.c ****             
 290:../Sources/TFC/TFC_Terminal.c ****             break;
 1329              		.loc 1 290 0
 1330 0278 03E0     		b	.L68
 1331              	.L65:
 1332 027a C046     		mov	r8, r8
 1333 027c 01E0     		b	.L68
 1334              	.L67:
 272:../Sources/TFC/TFC_Terminal.c ****             break;
 1335              		.loc 1 272 0
 1336 027e C046     		mov	r8, r8
 1337 0280 00E0     		b	.L40
 1338              	.L68:
 1339              		.loc 1 290 0
 1340 0282 C046     		mov	r8, r8
 1341              	.L40:
 291:../Sources/TFC/TFC_Terminal.c ****         
 292:../Sources/TFC/TFC_Terminal.c ****         }
 293:../Sources/TFC/TFC_Terminal.c ****     }
 294:../Sources/TFC/TFC_Terminal.c ****  
 295:../Sources/TFC/TFC_Terminal.c **** }
 1342              		.loc 1 295 0
 1343 0284 BD46     		mov	sp, r7
 1344 0286 02B0     		add	sp, sp, #8
 1345              		@ sp needed for prologue
 1346 0288 80BD     		pop	{r7, pc}
 1347              	.L70:
 1348 028a C046     		.align	2
 1349              	.L69:
 1350 028c 00000000 		.word	SDA_SERIAL_INCOMING_QUEUE
 1351 0290 00000000 		.word	NextCharIn
 1352 0294 00000000 		.word	TerminalPos
 1353 0298 00000000 		.word	TerminalLineBuf
 1354 029c 00000000 		.word	SDA_SERIAL_OUTGOING_QUEUE
 1355 02a0 00000000 		.word	TerminalCmdBuf
 1356 02a4 00000000 		.word	TerminalArgs
 1357 02a8 00000000 		.word	CmdFound
 1358 02ac 00000000 		.word	MyTerminalCallbackRecords
 1359 02b0 30030000 		.word	.LC76
 1360 02b4 34030000 		.word	.LC78
 1361 02b8 58030000 		.word	.LC80
 1362 02bc 60030000 		.word	.LC82
 1363              		.cfi_endproc
 1364              	.LFE9:
 1366              		.text
 1367              	.Letext0:
 1368              		.file 2 "D:/Programme/CodeWarrior/CW MCU v10.6.4/MCU/ARM_GCC_Support/ewl/EWL_C/include/cstdint"
 1369              		.file 3 "D:/NWT/Workplace/FRDM-TFC/Project_Headers/MKL25Z4.h"
 1370              		.file 4 "D:/NWT/Workplace/FRDM-TFC/Project_Headers/TFC\\TFC_Queue.h"
 1371              		.file 5 "D:/NWT/Workplace/FRDM-TFC/Project_Headers/TFC\\TFC_LineScanCamera.h"
 1372              		.file 6 "D:/NWT/Workplace/FRDM-TFC/Project_Headers/TFC\\TFC_UART.h"
 1373              		.file 7 "D:/NWT/Workplace/FRDM-TFC/Project_Headers/config.h"
 1374              		.file 8 "D:/NWT/Workplace/FRDM-TFC/Project_Headers/LineScanCam.h"
 1375              		.file 9 "D:/NWT/Workplace/FRDM-TFC/Project_Headers/motorServo.h"
DEFINED SYMBOLS
                            *ABS*:00000000 TFC_Terminal.c
                            *COM*:00000004 motor
                            *COM*:00000004 servo
                            *COM*:00000004 LEDconfig
                            *COM*:00000004 target
                            *COM*:00000004 auslmultiplier
                            *COM*:00000004 speedMultiplier
                            *COM*:00000004 minSpeed
                            *COM*:00000004 linetimeout
                            *COM*:00000004 ruckwartsZeit
                            *COM*:00000200 camData
                            *COM*:00000004 active
                            *COM*:00000004 Sausl
                            *COM*:00000004 linemissing
                            *COM*:00000004 checkLineStep
                            *COM*:00000004 Motorspeed
                            *COM*:00000004 Servoausl
                            *COM*:00000004 drivingBack
C:\Users\Darkp\AppData\Local\Temp\ccsAl9rR.s:76     .data.MyTerminalCallbackRecords:00000000 MyTerminalCallbackRecords
C:\Users\Darkp\AppData\Local\Temp\ccsAl9rR.s:36     .rodata:00000000 $d
C:\Users\Darkp\AppData\Local\Temp\ccsAl9rR.s:73     .data.MyTerminalCallbackRecords:00000000 $d
C:\Users\Darkp\AppData\Local\Temp\ccsAl9rR.s:249    .text.TerminalCmd_Help:00000000 TerminalCmd_Help
C:\Users\Darkp\AppData\Local\Temp\ccsAl9rR.s:509    .text.TerminalCmd_GetLineScan:00000000 TerminalCmd_GetLineScan
C:\Users\Darkp\AppData\Local\Temp\ccsAl9rR.s:696    .text.TerminalCmd_S:00000000 TerminalCmd_S
C:\Users\Darkp\AppData\Local\Temp\ccsAl9rR.s:811    .text.TerminalCmd_H:00000000 TerminalCmd_H
C:\Users\Darkp\AppData\Local\Temp\ccsAl9rR.s:392    .text.TerminalCmd_E:00000000 TerminalCmd_E
C:\Users\Darkp\AppData\Local\Temp\ccsAl9rR.s:443    .text.TerminalCmd_D:00000000 TerminalCmd_D
                            *COM*:00000040 TerminalLineBuf
                            *COM*:00000001 TerminalPos
                            *COM*:00000021 TerminalCmdBuf
                            *COM*:00000020 TerminalArgs
                            *COM*:00000001 NextCharIn
                            *COM*:00000001 CmdFound
C:\Users\Darkp\AppData\Local\Temp\ccsAl9rR.s:122    .text.TerminalBootMsg:00000000 $t
C:\Users\Darkp\AppData\Local\Temp\ccsAl9rR.s:127    .text.TerminalBootMsg:00000000 TerminalBootMsg
C:\Users\Darkp\AppData\Local\Temp\ccsAl9rR.s:183    .text.TerminalBootMsg:00000050 $d
C:\Users\Darkp\AppData\Local\Temp\ccsAl9rR.s:194    .text.TFC_InitTerminal:00000000 $t
C:\Users\Darkp\AppData\Local\Temp\ccsAl9rR.s:199    .text.TFC_InitTerminal:00000000 TFC_InitTerminal
C:\Users\Darkp\AppData\Local\Temp\ccsAl9rR.s:228    .text.TFC_InitTerminal:00000018 $d
C:\Users\Darkp\AppData\Local\Temp\ccsAl9rR.s:244    .text.TerminalCmd_Help:00000000 $t
C:\Users\Darkp\AppData\Local\Temp\ccsAl9rR.s:341    .text.TerminalCmd_Help:0000008c $d
C:\Users\Darkp\AppData\Local\Temp\ccsAl9rR.s:351    .text.TerminalCmd_Reboot:00000000 $t
C:\Users\Darkp\AppData\Local\Temp\ccsAl9rR.s:356    .text.TerminalCmd_Reboot:00000000 TerminalCmd_Reboot
C:\Users\Darkp\AppData\Local\Temp\ccsAl9rR.s:387    .text.TerminalCmd_E:00000000 $t
C:\Users\Darkp\AppData\Local\Temp\ccsAl9rR.s:427    .text.TerminalCmd_E:00000024 $d
C:\Users\Darkp\AppData\Local\Temp\ccsAl9rR.s:438    .text.TerminalCmd_D:00000000 $t
C:\Users\Darkp\AppData\Local\Temp\ccsAl9rR.s:484    .text.TerminalCmd_D:00000030 $d
C:\Users\Darkp\AppData\Local\Temp\ccsAl9rR.s:504    .text.TerminalCmd_GetLineScan:00000000 $t
C:\Users\Darkp\AppData\Local\Temp\ccsAl9rR.s:665    .text.TerminalCmd_GetLineScan:000000f8 $d
C:\Users\Darkp\AppData\Local\Temp\ccsAl9rR.s:691    .text.TerminalCmd_S:00000000 $t
C:\Users\Darkp\AppData\Local\Temp\ccsAl9rR.s:788    .text.TerminalCmd_S:00000098 $d
C:\Users\Darkp\AppData\Local\Temp\ccsAl9rR.s:806    .text.TerminalCmd_H:00000000 $t
C:\Users\Darkp\AppData\Local\Temp\ccsAl9rR.s:901    .text.TerminalCmd_H:00000094 $d
C:\Users\Darkp\AppData\Local\Temp\ccsAl9rR.s:923    .text.TFC_ProcessTerminal:00000000 $t
C:\Users\Darkp\AppData\Local\Temp\ccsAl9rR.s:928    .text.TFC_ProcessTerminal:00000000 TFC_ProcessTerminal
C:\Users\Darkp\AppData\Local\Temp\ccsAl9rR.s:1350   .text.TFC_ProcessTerminal:0000028c $d
                     .debug_frame:00000010 $d

UNDEFINED SYMBOLS
Qprintf
SDA_SERIAL_OUTGOING_QUEUE
TFC_SetMotorPWM
LineScanImage0
LineScanImage1
__aeabi_i2f
__aeabi_fdiv
sscanf
TFC_SetServo
BytesInQueue
ForcedByteDequeue
ByteEnqueue
memset
strcpy
strcmp
SDA_SERIAL_INCOMING_QUEUE
